2025-02-16T19:21:22.898+0500 [DEBUG] [org.gradle.launcher.daemon.bootstrap.DaemonMain] Assuming the daemon was started with following jvm opts: [--add-opens=java.base/java.util.concurrent.atomic=ALL-UNNAMED, --add-opens=java.base/java.util=ALL-UNNAMED, --add-opens=java.base/java.lang=ALL-UNNAMED, --add-opens=java.base/java.lang.invoke=ALL-UNNAMED, --add-opens=java.prefs/java.util.prefs=ALL-UNNAMED, --add-opens=java.base/java.nio.charset=ALL-UNNAMED, --add-opens=java.base/java.net=ALL-UNNAMED, --add-opens=java.base/java.util.concurrent.atomic=ALL-UNNAMED, -Xmx2048m, -Dfile.encoding=UTF-8, -Duser.country=RU, -Duser.language=ru, -Duser.variant]
2025-02-16T19:21:23.580+0500 [DEBUG] [org.gradle.internal.nativeintegration.services.NativeServices] Native-platform posix files integration is not available. Continuing with fallback.
2025-02-16T19:21:23.619+0500 [INFO] [org.gradle.launcher.daemon.server.Daemon] start() called on daemon - DefaultDaemonContext[uid=5222c361-a534-4901-bcbb-08fab1c27c7e,javaHome=C:\Program Files\Android\Android Studio\jbr,daemonRegistryDir=E:\Mobilka\daemon,pid=2180,idleTimeout=10800000,priority=NORMAL,applyInstrumentationAgent=true,daemonOpts=--add-opens=java.base/java.util.concurrent.atomic=ALL-UNNAMED,--add-opens=java.base/java.util=ALL-UNNAMED,--add-opens=java.base/java.lang=ALL-UNNAMED,--add-opens=java.base/java.lang.invoke=ALL-UNNAMED,--add-opens=java.prefs/java.util.prefs=ALL-UNNAMED,--add-opens=java.base/java.nio.charset=ALL-UNNAMED,--add-opens=java.base/java.net=ALL-UNNAMED,--add-opens=java.base/java.util.concurrent.atomic=ALL-UNNAMED,-Xmx2048m,-Dfile.encoding=UTF-8,-Duser.country=RU,-Duser.language=ru,-Duser.variant]
2025-02-16T19:21:25.049+0500 [DEBUG] [org.gradle.internal.remote.internal.inet.InetAddresses] Adding IP addresses for network interface Software Loopback Interface 1
2025-02-16T19:21:25.054+0500 [DEBUG] [org.gradle.internal.remote.internal.inet.InetAddresses] Is this a loopback interface? true
2025-02-16T19:21:25.056+0500 [DEBUG] [org.gradle.internal.remote.internal.inet.InetAddresses] Adding loopback address /127.0.0.1
2025-02-16T19:21:25.056+0500 [DEBUG] [org.gradle.internal.remote.internal.inet.InetAddresses] Adding loopback address /0:0:0:0:0:0:0:1
2025-02-16T19:21:25.059+0500 [DEBUG] [org.gradle.internal.remote.internal.inet.InetAddresses] Adding IP addresses for network interface Microsoft 6to4 Adapter
2025-02-16T19:21:25.064+0500 [DEBUG] [org.gradle.internal.remote.internal.inet.InetAddresses] Is this a loopback interface? false
2025-02-16T19:21:25.064+0500 [DEBUG] [org.gradle.internal.remote.internal.inet.InetAddresses] Adding IP addresses for network interface Realtek PCIe GbE Family Controller
2025-02-16T19:21:25.068+0500 [DEBUG] [org.gradle.internal.remote.internal.inet.InetAddresses] Is this a loopback interface? false
2025-02-16T19:21:25.069+0500 [DEBUG] [org.gradle.internal.remote.internal.inet.InetAddresses] Adding remote address /fe80:0:0:0:34bf:858d:77c2:b088%eth0
2025-02-16T19:21:25.069+0500 [DEBUG] [org.gradle.internal.remote.internal.inet.InetAddresses] Adding IP addresses for network interface WAN Miniport (L2TP)
2025-02-16T19:21:25.074+0500 [DEBUG] [org.gradle.internal.remote.internal.inet.InetAddresses] Is this a loopback interface? false
2025-02-16T19:21:25.074+0500 [DEBUG] [org.gradle.internal.remote.internal.inet.InetAddresses] Adding IP addresses for network interface Microsoft Wi-Fi Direct Virtual Adapter #4
2025-02-16T19:21:25.079+0500 [DEBUG] [org.gradle.internal.remote.internal.inet.InetAddresses] Is this a loopback interface? false
2025-02-16T19:21:25.079+0500 [DEBUG] [org.gradle.internal.remote.internal.inet.InetAddresses] Adding remote address /fe80:0:0:0:e39f:407:8da5:2827%wlan0
2025-02-16T19:21:25.080+0500 [DEBUG] [org.gradle.internal.remote.internal.inet.InetAddresses] Adding IP addresses for network interface Microsoft IP-HTTPS Platform Adapter
2025-02-16T19:21:25.099+0500 [DEBUG] [org.gradle.internal.remote.internal.inet.InetAddresses] Is this a loopback interface? false
2025-02-16T19:21:25.100+0500 [DEBUG] [org.gradle.internal.remote.internal.inet.InetAddresses] Adding IP addresses for network interface WAN Miniport (IKEv2)
2025-02-16T19:21:25.104+0500 [DEBUG] [org.gradle.internal.remote.internal.inet.InetAddresses] Is this a loopback interface? false
2025-02-16T19:21:25.105+0500 [DEBUG] [org.gradle.internal.remote.internal.inet.InetAddresses] Adding IP addresses for network interface RAS Async Adapter
2025-02-16T19:21:25.109+0500 [DEBUG] [org.gradle.internal.remote.internal.inet.InetAddresses] Is this a loopback interface? false
2025-02-16T19:21:25.109+0500 [DEBUG] [org.gradle.internal.remote.internal.inet.InetAddresses] Adding IP addresses for network interface WAN Miniport (Network Monitor)
2025-02-16T19:21:25.113+0500 [DEBUG] [org.gradle.internal.remote.internal.inet.InetAddresses] Is this a loopback interface? false
2025-02-16T19:21:25.114+0500 [DEBUG] [org.gradle.internal.remote.internal.inet.InetAddresses] Adding IP addresses for network interface 802.11n USB Wireless LAN Card
2025-02-16T19:21:25.118+0500 [DEBUG] [org.gradle.internal.remote.internal.inet.InetAddresses] Is this a loopback interface? false
2025-02-16T19:21:25.119+0500 [DEBUG] [org.gradle.internal.remote.internal.inet.InetAddresses] Adding remote address /192.168.0.43
2025-02-16T19:21:25.119+0500 [DEBUG] [org.gradle.internal.remote.internal.inet.InetAddresses] Adding remote address /fe80:0:0:0:3a48:c5d4:8b42:2ae9%wlan1
2025-02-16T19:21:25.120+0500 [DEBUG] [org.gradle.internal.remote.internal.inet.InetAddresses] Adding IP addresses for network interface WAN Miniport (IPv6)
2025-02-16T19:21:25.124+0500 [DEBUG] [org.gradle.internal.remote.internal.inet.InetAddresses] Is this a loopback interface? false
2025-02-16T19:21:25.124+0500 [DEBUG] [org.gradle.internal.remote.internal.inet.InetAddresses] Adding IP addresses for network interface WAN Miniport (PPTP)
2025-02-16T19:21:25.129+0500 [DEBUG] [org.gradle.internal.remote.internal.inet.InetAddresses] Is this a loopback interface? false
2025-02-16T19:21:25.129+0500 [DEBUG] [org.gradle.internal.remote.internal.inet.InetAddresses] Adding IP addresses for network interface Microsoft Teredo Tunneling Adapter
2025-02-16T19:21:25.141+0500 [DEBUG] [org.gradle.internal.remote.internal.inet.InetAddresses] Is this a loopback interface? false
2025-02-16T19:21:25.142+0500 [DEBUG] [org.gradle.internal.remote.internal.inet.InetAddresses] Adding remote address /2001:0:284a:364:38a4:2b02:b2b0:5546
2025-02-16T19:21:25.142+0500 [DEBUG] [org.gradle.internal.remote.internal.inet.InetAddresses] Adding remote address /fe80:0:0:0:38a4:2b02:b2b0:5546%net5
2025-02-16T19:21:25.142+0500 [DEBUG] [org.gradle.internal.remote.internal.inet.InetAddresses] Adding IP addresses for network interface Microsoft Kernel Debug Network Adapter
2025-02-16T19:21:25.160+0500 [DEBUG] [org.gradle.internal.remote.internal.inet.InetAddresses] Is this a loopback interface? false
2025-02-16T19:21:25.161+0500 [DEBUG] [org.gradle.internal.remote.internal.inet.InetAddresses] Adding IP addresses for network interface Microsoft Wi-Fi Direct Virtual Adapter #3
2025-02-16T19:21:25.187+0500 [DEBUG] [org.gradle.internal.remote.internal.inet.InetAddresses] Is this a loopback interface? false
2025-02-16T19:21:25.187+0500 [DEBUG] [org.gradle.internal.remote.internal.inet.InetAddresses] Adding remote address /fe80:0:0:0:a29b:5f05:92c5:106e%wlan2
2025-02-16T19:21:25.188+0500 [DEBUG] [org.gradle.internal.remote.internal.inet.InetAddresses] Adding IP addresses for network interface WAN Miniport (IP)
2025-02-16T19:21:25.204+0500 [DEBUG] [org.gradle.internal.remote.internal.inet.InetAddresses] Is this a loopback interface? false
2025-02-16T19:21:25.205+0500 [DEBUG] [org.gradle.internal.remote.internal.inet.InetAddresses] Adding IP addresses for network interface Bluetooth Device (Personal Area Network)
2025-02-16T19:21:25.209+0500 [DEBUG] [org.gradle.internal.remote.internal.inet.InetAddresses] Is this a loopback interface? false
2025-02-16T19:21:25.210+0500 [DEBUG] [org.gradle.internal.remote.internal.inet.InetAddresses] Adding IP addresses for network interface Famatech Radmin VPN Ethernet Adapter
2025-02-16T19:21:25.214+0500 [DEBUG] [org.gradle.internal.remote.internal.inet.InetAddresses] Is this a loopback interface? false
2025-02-16T19:21:25.214+0500 [DEBUG] [org.gradle.internal.remote.internal.inet.InetAddresses] Adding remote address /26.172.143.241
2025-02-16T19:21:25.215+0500 [DEBUG] [org.gradle.internal.remote.internal.inet.InetAddresses] Adding remote address /fdfd:0:0:0:0:0:1aac:8ff1
2025-02-16T19:21:25.215+0500 [DEBUG] [org.gradle.internal.remote.internal.inet.InetAddresses] Adding remote address /fe80:0:0:0:d0a2:f9cd:8131:d116%eth6
2025-02-16T19:21:25.216+0500 [DEBUG] [org.gradle.internal.remote.internal.inet.InetAddresses] Adding IP addresses for network interface WAN Miniport (PPPOE)
2025-02-16T19:21:25.220+0500 [DEBUG] [org.gradle.internal.remote.internal.inet.InetAddresses] Is this a loopback interface? false
2025-02-16T19:21:25.220+0500 [DEBUG] [org.gradle.internal.remote.internal.inet.InetAddresses] Adding IP addresses for network interface WAN Miniport (SSTP)
2025-02-16T19:21:25.225+0500 [DEBUG] [org.gradle.internal.remote.internal.inet.InetAddresses] Is this a loopback interface? false
2025-02-16T19:21:25.225+0500 [DEBUG] [org.gradle.internal.remote.internal.inet.InetAddresses] Adding IP addresses for network interface Famatech Radmin VPN Ethernet Adapter-WFP Native MAC Layer LightWeight Filter-0000
2025-02-16T19:21:25.229+0500 [DEBUG] [org.gradle.internal.remote.internal.inet.InetAddresses] Is this a loopback interface? false
2025-02-16T19:21:25.229+0500 [DEBUG] [org.gradle.internal.remote.internal.inet.InetAddresses] Adding IP addresses for network interface Famatech Radmin VPN Ethernet Adapter-QoS Packet Scheduler-0000
2025-02-16T19:21:25.234+0500 [DEBUG] [org.gradle.internal.remote.internal.inet.InetAddresses] Is this a loopback interface? false
2025-02-16T19:21:25.234+0500 [DEBUG] [org.gradle.internal.remote.internal.inet.InetAddresses] Adding IP addresses for network interface Famatech Radmin VPN Ethernet Adapter-WFP 802.3 MAC Layer LightWeight Filter-0000
2025-02-16T19:21:25.238+0500 [DEBUG] [org.gradle.internal.remote.internal.inet.InetAddresses] Is this a loopback interface? false
2025-02-16T19:21:25.238+0500 [DEBUG] [org.gradle.internal.remote.internal.inet.InetAddresses] Adding IP addresses for network interface Realtek PCIe GbE Family Controller-WFP Native MAC Layer LightWeight Filter-0000
2025-02-16T19:21:25.243+0500 [DEBUG] [org.gradle.internal.remote.internal.inet.InetAddresses] Is this a loopback interface? false
2025-02-16T19:21:25.243+0500 [DEBUG] [org.gradle.internal.remote.internal.inet.InetAddresses] Adding IP addresses for network interface Realtek PCIe GbE Family Controller-QoS Packet Scheduler-0000
2025-02-16T19:21:25.248+0500 [DEBUG] [org.gradle.internal.remote.internal.inet.InetAddresses] Is this a loopback interface? false
2025-02-16T19:21:25.248+0500 [DEBUG] [org.gradle.internal.remote.internal.inet.InetAddresses] Adding IP addresses for network interface Realtek PCIe GbE Family Controller-WFP 802.3 MAC Layer LightWeight Filter-0000
2025-02-16T19:21:25.252+0500 [DEBUG] [org.gradle.internal.remote.internal.inet.InetAddresses] Is this a loopback interface? false
2025-02-16T19:21:25.252+0500 [DEBUG] [org.gradle.internal.remote.internal.inet.InetAddresses] Adding IP addresses for network interface WAN Miniport (IP)-WFP Native MAC Layer LightWeight Filter-0000
2025-02-16T19:21:25.260+0500 [DEBUG] [org.gradle.internal.remote.internal.inet.InetAddresses] Is this a loopback interface? false
2025-02-16T19:21:25.260+0500 [DEBUG] [org.gradle.internal.remote.internal.inet.InetAddresses] Adding IP addresses for network interface WAN Miniport (IP)-QoS Packet Scheduler-0000
2025-02-16T19:21:25.285+0500 [DEBUG] [org.gradle.internal.remote.internal.inet.InetAddresses] Is this a loopback interface? false
2025-02-16T19:21:25.285+0500 [DEBUG] [org.gradle.internal.remote.internal.inet.InetAddresses] Adding IP addresses for network interface WAN Miniport (IPv6)-WFP Native MAC Layer LightWeight Filter-0000
2025-02-16T19:21:25.299+0500 [DEBUG] [org.gradle.internal.remote.internal.inet.InetAddresses] Is this a loopback interface? false
2025-02-16T19:21:25.299+0500 [DEBUG] [org.gradle.internal.remote.internal.inet.InetAddresses] Adding IP addresses for network interface WAN Miniport (IPv6)-QoS Packet Scheduler-0000
2025-02-16T19:21:25.303+0500 [DEBUG] [org.gradle.internal.remote.internal.inet.InetAddresses] Is this a loopback interface? false
2025-02-16T19:21:25.304+0500 [DEBUG] [org.gradle.internal.remote.internal.inet.InetAddresses] Adding IP addresses for network interface WAN Miniport (Network Monitor)-WFP Native MAC Layer LightWeight Filter-0000
2025-02-16T19:21:25.308+0500 [DEBUG] [org.gradle.internal.remote.internal.inet.InetAddresses] Is this a loopback interface? false
2025-02-16T19:21:25.308+0500 [DEBUG] [org.gradle.internal.remote.internal.inet.InetAddresses] Adding IP addresses for network interface WAN Miniport (Network Monitor)-QoS Packet Scheduler-0000
2025-02-16T19:21:25.312+0500 [DEBUG] [org.gradle.internal.remote.internal.inet.InetAddresses] Is this a loopback interface? false
2025-02-16T19:21:25.312+0500 [DEBUG] [org.gradle.internal.remote.internal.inet.InetAddresses] Adding IP addresses for network interface 802.11n USB Wireless LAN Card-WFP Native MAC Layer LightWeight Filter-0000
2025-02-16T19:21:25.316+0500 [DEBUG] [org.gradle.internal.remote.internal.inet.InetAddresses] Is this a loopback interface? false
2025-02-16T19:21:25.317+0500 [DEBUG] [org.gradle.internal.remote.internal.inet.InetAddresses] Adding IP addresses for network interface 802.11n USB Wireless LAN Card-Virtual WiFi Filter Driver-0000
2025-02-16T19:21:25.331+0500 [DEBUG] [org.gradle.internal.remote.internal.inet.InetAddresses] Is this a loopback interface? false
2025-02-16T19:21:25.332+0500 [DEBUG] [org.gradle.internal.remote.internal.inet.InetAddresses] Adding IP addresses for network interface 802.11n USB Wireless LAN Card-Native WiFi Filter Driver-0000
2025-02-16T19:21:25.337+0500 [DEBUG] [org.gradle.internal.remote.internal.inet.InetAddresses] Is this a loopback interface? false
2025-02-16T19:21:25.337+0500 [DEBUG] [org.gradle.internal.remote.internal.inet.InetAddresses] Adding IP addresses for network interface 802.11n USB Wireless LAN Card-QoS Packet Scheduler-0000
2025-02-16T19:21:25.341+0500 [DEBUG] [org.gradle.internal.remote.internal.inet.InetAddresses] Is this a loopback interface? false
2025-02-16T19:21:25.342+0500 [DEBUG] [org.gradle.internal.remote.internal.inet.InetAddresses] Adding IP addresses for network interface 802.11n USB Wireless LAN Card-WFP 802.3 MAC Layer LightWeight Filter-0000
2025-02-16T19:21:25.347+0500 [DEBUG] [org.gradle.internal.remote.internal.inet.InetAddresses] Is this a loopback interface? false
2025-02-16T19:21:25.347+0500 [DEBUG] [org.gradle.internal.remote.internal.inet.InetAddresses] Adding IP addresses for network interface Microsoft Wi-Fi Direct Virtual Adapter #3-WFP Native MAC Layer LightWeight Filter-0000
2025-02-16T19:21:25.352+0500 [DEBUG] [org.gradle.internal.remote.internal.inet.InetAddresses] Is this a loopback interface? false
2025-02-16T19:21:25.352+0500 [DEBUG] [org.gradle.internal.remote.internal.inet.InetAddresses] Adding IP addresses for network interface Microsoft Wi-Fi Direct Virtual Adapter #3-Native WiFi Filter Driver-0000
2025-02-16T19:21:25.356+0500 [DEBUG] [org.gradle.internal.remote.internal.inet.InetAddresses] Is this a loopback interface? false
2025-02-16T19:21:25.357+0500 [DEBUG] [org.gradle.internal.remote.internal.inet.InetAddresses] Adding IP addresses for network interface Microsoft Wi-Fi Direct Virtual Adapter #3-QoS Packet Scheduler-0000
2025-02-16T19:21:25.361+0500 [DEBUG] [org.gradle.internal.remote.internal.inet.InetAddresses] Is this a loopback interface? false
2025-02-16T19:21:25.362+0500 [DEBUG] [org.gradle.internal.remote.internal.inet.InetAddresses] Adding IP addresses for network interface Microsoft Wi-Fi Direct Virtual Adapter #3-WFP 802.3 MAC Layer LightWeight Filter-0000
2025-02-16T19:21:25.367+0500 [DEBUG] [org.gradle.internal.remote.internal.inet.InetAddresses] Is this a loopback interface? false
2025-02-16T19:21:25.379+0500 [DEBUG] [org.gradle.internal.remote.internal.inet.InetAddresses] Adding IP addresses for network interface Microsoft Wi-Fi Direct Virtual Adapter #4-WFP Native MAC Layer LightWeight Filter-0000
2025-02-16T19:21:25.407+0500 [DEBUG] [org.gradle.internal.remote.internal.inet.InetAddresses] Is this a loopback interface? false
2025-02-16T19:21:25.408+0500 [DEBUG] [org.gradle.internal.remote.internal.inet.InetAddresses] Adding IP addresses for network interface Microsoft Wi-Fi Direct Virtual Adapter #4-Native WiFi Filter Driver-0000
2025-02-16T19:21:25.427+0500 [DEBUG] [org.gradle.internal.remote.internal.inet.InetAddresses] Is this a loopback interface? false
2025-02-16T19:21:25.427+0500 [DEBUG] [org.gradle.internal.remote.internal.inet.InetAddresses] Adding IP addresses for network interface Microsoft Wi-Fi Direct Virtual Adapter #4-QoS Packet Scheduler-0000
2025-02-16T19:21:25.438+0500 [DEBUG] [org.gradle.internal.remote.internal.inet.InetAddresses] Is this a loopback interface? false
2025-02-16T19:21:25.439+0500 [DEBUG] [org.gradle.internal.remote.internal.inet.InetAddresses] Adding IP addresses for network interface Microsoft Wi-Fi Direct Virtual Adapter #4-WFP 802.3 MAC Layer LightWeight Filter-0000
2025-02-16T19:21:25.443+0500 [DEBUG] [org.gradle.internal.remote.internal.inet.InetAddresses] Is this a loopback interface? false
2025-02-16T19:21:25.473+0500 [DEBUG] [org.gradle.internal.remote.internal.inet.TcpIncomingConnector] Listening on [429266b8-d40e-4c70-839d-10d5d989659c port:58408, addresses:[localhost/127.0.0.1]].
2025-02-16T19:21:25.513+0500 [DEBUG] [org.gradle.launcher.daemon.server.Daemon] Daemon starting at: Sun Feb 16 19:21:25 YEKT 2025, with address: [429266b8-d40e-4c70-839d-10d5d989659c port:58408, addresses:[localhost/127.0.0.1]]
2025-02-16T19:21:25.514+0500 [INFO] [org.gradle.launcher.daemon.server.DaemonRegistryUpdater] Advertising the daemon address to the clients: [429266b8-d40e-4c70-839d-10d5d989659c port:58408, addresses:[localhost/127.0.0.1]]
2025-02-16T19:21:25.514+0500 [DEBUG] [org.gradle.launcher.daemon.server.DaemonRegistryUpdater] Advertised daemon context: DefaultDaemonContext[uid=5222c361-a534-4901-bcbb-08fab1c27c7e,javaHome=C:\Program Files\Android\Android Studio\jbr,daemonRegistryDir=E:\Mobilka\daemon,pid=2180,idleTimeout=10800000,priority=NORMAL,applyInstrumentationAgent=true,daemonOpts=--add-opens=java.base/java.util.concurrent.atomic=ALL-UNNAMED,--add-opens=java.base/java.util=ALL-UNNAMED,--add-opens=java.base/java.lang=ALL-UNNAMED,--add-opens=java.base/java.lang.invoke=ALL-UNNAMED,--add-opens=java.prefs/java.util.prefs=ALL-UNNAMED,--add-opens=java.base/java.nio.charset=ALL-UNNAMED,--add-opens=java.base/java.net=ALL-UNNAMED,--add-opens=java.base/java.util.concurrent.atomic=ALL-UNNAMED,-Xmx2048m,-Dfile.encoding=UTF-8,-Duser.country=RU,-Duser.language=ru,-Duser.variant]
2025-02-16T19:21:25.516+0500 [DEBUG] [org.gradle.launcher.daemon.registry.PersistentDaemonRegistry] Storing daemon address: [429266b8-d40e-4c70-839d-10d5d989659c port:58408, addresses:[localhost/127.0.0.1]], context: DefaultDaemonContext[uid=5222c361-a534-4901-bcbb-08fab1c27c7e,javaHome=C:\Program Files\Android\Android Studio\jbr,daemonRegistryDir=E:\Mobilka\daemon,pid=2180,idleTimeout=10800000,priority=NORMAL,applyInstrumentationAgent=true,daemonOpts=--add-opens=java.base/java.util.concurrent.atomic=ALL-UNNAMED,--add-opens=java.base/java.util=ALL-UNNAMED,--add-opens=java.base/java.lang=ALL-UNNAMED,--add-opens=java.base/java.lang.invoke=ALL-UNNAMED,--add-opens=java.prefs/java.util.prefs=ALL-UNNAMED,--add-opens=java.base/java.nio.charset=ALL-UNNAMED,--add-opens=java.base/java.net=ALL-UNNAMED,--add-opens=java.base/java.util.concurrent.atomic=ALL-UNNAMED,-Xmx2048m,-Dfile.encoding=UTF-8,-Duser.country=RU,-Duser.language=ru,-Duser.variant]
2025-02-16T19:21:25.536+0500 [DEBUG] [org.gradle.cache.internal.DefaultFileLockManager] Waiting to acquire exclusive lock on daemon addresses registry.
2025-02-16T19:21:25.543+0500 [DEBUG] [org.gradle.cache.internal.DefaultFileLockManager] Lock acquired on daemon addresses registry.
2025-02-16T19:21:25.560+0500 [DEBUG] [org.gradle.cache.internal.DefaultFileLockManager] Releasing lock on daemon addresses registry.
2025-02-16T19:21:25.561+0500 [LIFECYCLE] [org.gradle.launcher.daemon.server.Daemon] Daemon server started.
2025-02-16T19:21:25.563+0500 [DEBUG] [org.gradle.launcher.daemon.bootstrap.DaemonStartupCommunication] Completed writing the daemon greeting. Closing streams...
2025-02-16T19:21:25.651+0500 [DEBUG] [org.gradle.internal.remote.internal.inet.TcpIncomingConnector] Accepted connection from /127.0.0.1:58409 to /127.0.0.1:58408.
2025-02-16T19:21:25.668+0500 [DEBUG] [org.gradle.launcher.daemon.server.Daemon] stopOnExpiration() called on daemon
2025-02-16T19:21:25.670+0500 [DEBUG] [org.gradle.launcher.daemon.server.Daemon] awaitExpiration() called on daemon
2025-02-16T19:21:25.670+0500 [DEBUG] [org.gradle.launcher.daemon.server.DaemonStateCoordinator] daemon is running. Sleeping until state changes.
2025-02-16T19:21:26.280+0500 [DEBUG] [org.gradle.launcher.daemon.server.SynchronizedDispatchConnection] thread 22: received class org.gradle.launcher.daemon.protocol.Build
2025-02-16T19:21:26.281+0500 [DEBUG] [org.gradle.launcher.daemon.server.DefaultDaemonConnection] thread 22: Received non-IO message from client: Build{id=48a7db80-dfea-4587-885a-9cc2df58c835, currentDir=E:\1GeniusForever\work\notes_by_shoma}
2025-02-16T19:21:26.281+0500 [INFO] [org.gradle.launcher.daemon.server.DefaultIncomingConnectionHandler] Received command: Build{id=48a7db80-dfea-4587-885a-9cc2df58c835, currentDir=E:\1GeniusForever\work\notes_by_shoma}.
2025-02-16T19:21:26.282+0500 [DEBUG] [org.gradle.launcher.daemon.server.DefaultIncomingConnectionHandler] Starting executing command: Build{id=48a7db80-dfea-4587-885a-9cc2df58c835, currentDir=E:\1GeniusForever\work\notes_by_shoma} with connection: socket connection from /127.0.0.1:58408 to /127.0.0.1:58409.
2025-02-16T19:21:26.286+0500 [DEBUG] [org.gradle.launcher.daemon.server.DaemonStateCoordinator] Command execution: started DaemonCommandExecution[command = Build{id=48a7db80-dfea-4587-885a-9cc2df58c835, currentDir=E:\1GeniusForever\work\notes_by_shoma}, connection = DefaultDaemonConnection: socket connection from /127.0.0.1:58408 to /127.0.0.1:58409] after 0.0 minutes of idle
2025-02-16T19:21:26.287+0500 [INFO] [org.gradle.launcher.daemon.server.DaemonRegistryUpdater] Marking the daemon as busy, address: [429266b8-d40e-4c70-839d-10d5d989659c port:58408, addresses:[localhost/127.0.0.1]]
2025-02-16T19:21:26.287+0500 [DEBUG] [org.gradle.launcher.daemon.registry.PersistentDaemonRegistry] Marking busy by address: [429266b8-d40e-4c70-839d-10d5d989659c port:58408, addresses:[localhost/127.0.0.1]]
2025-02-16T19:21:26.288+0500 [DEBUG] [org.gradle.cache.internal.DefaultFileLockManager] Waiting to acquire exclusive lock on daemon addresses registry.
2025-02-16T19:21:26.289+0500 [DEBUG] [org.gradle.cache.internal.DefaultFileLockManager] Lock acquired on daemon addresses registry.
2025-02-16T19:21:26.291+0500 [DEBUG] [org.gradle.cache.internal.DefaultFileLockManager] Releasing lock on daemon addresses registry.
2025-02-16T19:21:26.295+0500 [DEBUG] [org.gradle.launcher.daemon.server.DaemonStateCoordinator] resetting idle timer
2025-02-16T19:21:26.295+0500 [DEBUG] [org.gradle.launcher.daemon.server.DaemonStateCoordinator] daemon is running. Sleeping until state changes.
2025-02-16T19:21:26.296+0500 [INFO] [org.gradle.launcher.daemon.server.exec.StartBuildOrRespondWithBusy] Daemon is about to start building Build{id=48a7db80-dfea-4587-885a-9cc2df58c835, currentDir=E:\1GeniusForever\work\notes_by_shoma}. Dispatching build started information...
2025-02-16T19:21:26.296+0500 [DEBUG] [org.gradle.launcher.daemon.server.SynchronizedDispatchConnection] thread 24: dispatching org.gradle.launcher.daemon.protocol.BuildStarted@2ccffd7c
2025-02-16T19:21:26.299+0500 [DEBUG] [org.gradle.launcher.daemon.server.exec.EstablishBuildEnvironment] Configuring env variables: [USERDOMAIN_ROAMINGPROFILE, LOCALAPPDATA, PROCESSOR_LEVEL, USERDOMAIN, LOGONSERVER, FPS_BROWSER_APP_PROFILE_STRING, SESSIONNAME, ALLUSERSPROFILE, PROCESSOR_ARCHITECTURE, PSModulePath, SystemDrive, OneDrive, APPDATA, USERNAME, ProgramFiles(x86), CommonProgramFiles, Path, FPS_BROWSER_USER_PROFILE_STRING, PATHEXT, DriverData, OS, COMPUTERNAME, PROCESSOR_REVISION, CommonProgramW6432, ComSpec, ProgramData, ProgramW6432, TEMP, HOMEPATH, SystemRoot, PROCESSOR_IDENTIFIER, HOMEDRIVE, USERPROFILE, TMP, CommonProgramFiles(x86), ProgramFiles, PUBLIC, windir, NUMBER_OF_PROCESSORS, =::, IDEA_INITIAL_DIRECTORY]
2025-02-16T19:21:26.311+0500 [DEBUG] [org.gradle.launcher.daemon.server.exec.LogToClient] About to start relaying all logs to the client via the connection.
2025-02-16T19:21:26.311+0500 [INFO] [org.gradle.launcher.daemon.server.exec.LogToClient] The client will now receive all logging from the daemon (pid: 2180). The daemon log file: E:\Mobilka\daemon\8.2\daemon-2180.out.log
2025-02-16T19:21:26.323+0500 [DEBUG] [org.gradle.launcher.daemon.server.SynchronizedDispatchConnection] thread 22: received class org.gradle.launcher.daemon.protocol.CloseInput
2025-02-16T19:21:26.324+0500 [DEBUG] [org.gradle.launcher.daemon.server.DefaultDaemonConnection] thread 22: Received IO message from client: org.gradle.launcher.daemon.protocol.CloseInput@efda27
2025-02-16T19:21:26.327+0500 [INFO] [org.gradle.launcher.daemon.server.exec.LogAndCheckHealth] Starting build in new daemon [memory: 2 GiB]
2025-02-16T19:21:26.329+0500 [INFO] [org.gradle.launcher.daemon.server.exec.ForwardClientInput] Closing daemon's stdin at end of input.
2025-02-16T19:21:26.330+0500 [INFO] [org.gradle.launcher.daemon.server.exec.ForwardClientInput] The daemon will no longer process any standard input.
2025-02-16T19:21:26.332+0500 [DEBUG] [org.gradle.launcher.daemon.server.exec.ExecuteBuild] The daemon has started executing the build.
2025-02-16T19:21:26.333+0500 [DEBUG] [org.gradle.launcher.daemon.server.exec.ExecuteBuild] Executing build with daemon context: DefaultDaemonContext[uid=5222c361-a534-4901-bcbb-08fab1c27c7e,javaHome=C:\Program Files\Android\Android Studio\jbr,daemonRegistryDir=E:\Mobilka\daemon,pid=2180,idleTimeout=10800000,priority=NORMAL,applyInstrumentationAgent=true,daemonOpts=--add-opens=java.base/java.util.concurrent.atomic=ALL-UNNAMED,--add-opens=java.base/java.util=ALL-UNNAMED,--add-opens=java.base/java.lang=ALL-UNNAMED,--add-opens=java.base/java.lang.invoke=ALL-UNNAMED,--add-opens=java.prefs/java.util.prefs=ALL-UNNAMED,--add-opens=java.base/java.nio.charset=ALL-UNNAMED,--add-opens=java.base/java.net=ALL-UNNAMED,--add-opens=java.base/java.util.concurrent.atomic=ALL-UNNAMED,-Xmx2048m,-Dfile.encoding=UTF-8,-Duser.country=RU,-Duser.language=ru,-Duser.variant]

BUILD SUCCESSFUL in 2m 10s
2025-02-16T19:23:14.851+0500 [DEBUG] [org.gradle.launcher.daemon.server.exec.ExecuteBuild] The daemon has finished executing the build.
2025-02-16T19:23:14.882+0500 [DEBUG] [org.gradle.launcher.daemon.server.DaemonStateCoordinator] daemon is running. Sleeping until state changes.
2025-02-16T19:23:14.882+0500 [DEBUG] [org.gradle.launcher.daemon.server.DaemonStateCoordinator] Command execution: finished waiting for DaemonCommandExecution[command = Build{id=48a7db80-dfea-4587-885a-9cc2df58c835, currentDir=E:\1GeniusForever\work\notes_by_shoma}, connection = DefaultDaemonConnection: socket connection from /127.0.0.1:58408 to /127.0.0.1:58409]. Result org.gradle.launcher.daemon.server.DaemonStateCoordinator@60f6eaa4 with state Busy
2025-02-16T19:23:14.883+0500 [DEBUG] [org.gradle.launcher.daemon.server.DaemonStateCoordinator] Command execution: completed DaemonCommandExecution[command = Build{id=48a7db80-dfea-4587-885a-9cc2df58c835, currentDir=E:\1GeniusForever\work\notes_by_shoma}, connection = DefaultDaemonConnection: socket connection from /127.0.0.1:58408 to /127.0.0.1:58409]
2025-02-16T19:23:14.884+0500 [DEBUG] [org.gradle.launcher.daemon.server.DaemonStateCoordinator] resetting idle timer
2025-02-16T19:23:14.885+0500 [INFO] [org.gradle.launcher.daemon.server.DaemonRegistryUpdater] Marking the daemon as idle, address: [429266b8-d40e-4c70-839d-10d5d989659c port:58408, addresses:[localhost/127.0.0.1]]
2025-02-16T19:23:14.886+0500 [DEBUG] [org.gradle.launcher.daemon.registry.PersistentDaemonRegistry] Marking busy by address: [429266b8-d40e-4c70-839d-10d5d989659c port:58408, addresses:[localhost/127.0.0.1]]
2025-02-16T19:23:14.888+0500 [DEBUG] [org.gradle.cache.internal.DefaultFileLockManager] Waiting to acquire exclusive lock on daemon addresses registry.
2025-02-16T19:23:14.888+0500 [DEBUG] [org.gradle.cache.internal.DefaultFileLockManager] Lock acquired on daemon addresses registry.
2025-02-16T19:23:14.890+0500 [DEBUG] [org.gradle.cache.internal.DefaultFileLockManager] Releasing lock on daemon addresses registry.
2025-02-16T19:23:14.891+0500 [DEBUG] [org.gradle.launcher.daemon.server.DaemonStateCoordinator] daemon is running. Sleeping until state changes.
2025-02-16T19:23:14.891+0500 [DEBUG] [org.gradle.launcher.daemon.server.exec.ReturnResult] Daemon is dispatching the build result: Success[value=org.gradle.launcher.exec.BuildActionResult@171eff84]
2025-02-16T19:23:14.892+0500 [DEBUG] [org.gradle.launcher.daemon.server.SynchronizedDispatchConnection] thread 21: dispatching Success[value=org.gradle.launcher.exec.BuildActionResult@171eff84]
2025-02-16T19:23:14.901+0500 [DEBUG] [org.gradle.launcher.daemon.server.DefaultIncomingConnectionHandler] Finishing executing command: Build{id=48a7db80-dfea-4587-885a-9cc2df58c835, currentDir=E:\1GeniusForever\work\notes_by_shoma}
2025-02-16T19:23:14.908+0500 [DEBUG] [org.gradle.launcher.daemon.server.SynchronizedDispatchConnection] thread 22: received class org.gradle.launcher.daemon.protocol.Finished
2025-02-16T19:23:14.908+0500 [DEBUG] [org.gradle.launcher.daemon.server.DefaultDaemonConnection] thread 22: Received non-IO message from client: org.gradle.launcher.daemon.protocol.Finished@15657aee
2025-02-16T19:23:14.908+0500 [DEBUG] [org.gradle.launcher.daemon.server.DefaultIncomingConnectionHandler] Received finished message: org.gradle.launcher.daemon.protocol.Finished@15657aee
2025-02-16T19:23:14.909+0500 [DEBUG] [org.gradle.launcher.daemon.server.SynchronizedDispatchConnection] thread 21: stopping connection
2025-02-16T19:23:14.919+0500 [DEBUG] [org.gradle.internal.remote.internal.inet.SocketConnection] Discarding EOFException: java.io.EOFException
2025-02-16T19:23:14.919+0500 [DEBUG] [org.gradle.launcher.daemon.server.SynchronizedDispatchConnection] thread 22: received null
2025-02-16T19:23:14.919+0500 [DEBUG] [org.gradle.launcher.daemon.server.DefaultDaemonConnection] thread 22: Received end-of-input from client.
2025-02-16T19:23:14.921+0500 [DEBUG] [org.gradle.launcher.daemon.server.SynchronizedDispatchConnection] thread 21: stopping connection
2025-02-16T19:23:15.693+0500 [DEBUG] [org.gradle.cache.internal.DefaultFileLockManager] Waiting to acquire shared lock on daemon addresses registry.
2025-02-16T19:23:15.694+0500 [DEBUG] [org.gradle.cache.internal.DefaultFileLockManager] Lock acquired on daemon addresses registry.
2025-02-16T19:23:15.694+0500 [DEBUG] [org.gradle.cache.internal.DefaultFileLockManager] Releasing lock on daemon addresses registry.
2025-02-16T19:23:15.705+0500 [DEBUG] [org.gradle.cache.internal.DefaultFileLockManager] Waiting to acquire shared lock on daemon addresses registry.
2025-02-16T19:23:15.706+0500 [DEBUG] [org.gradle.cache.internal.DefaultFileLockManager] Lock acquired on daemon addresses registry.
2025-02-16T19:23:15.706+0500 [DEBUG] [org.gradle.cache.internal.DefaultFileLockManager] Releasing lock on daemon addresses registry.
2025-02-16T19:23:25.688+0500 [DEBUG] [org.gradle.cache.internal.DefaultFileLockManager] Waiting to acquire shared lock on daemon addresses registry.
2025-02-16T19:23:25.689+0500 [DEBUG] [org.gradle.cache.internal.DefaultFileLockManager] Lock acquired on daemon addresses registry.
2025-02-16T19:23:25.690+0500 [DEBUG] [org.gradle.cache.internal.DefaultFileLockManager] Releasing lock on daemon addresses registry.
2025-02-16T19:23:25.692+0500 [DEBUG] [org.gradle.cache.internal.DefaultFileLockManager] Waiting to acquire shared lock on daemon addresses registry.
2025-02-16T19:23:25.693+0500 [DEBUG] [org.gradle.cache.internal.DefaultFileLockManager] Lock acquired on daemon addresses registry.
2025-02-16T19:23:25.694+0500 [DEBUG] [org.gradle.cache.internal.DefaultFileLockManager] Releasing lock on daemon addresses registry.
2025-02-16T19:23:25.695+0500 [DEBUG] [org.gradle.cache.internal.DefaultFileLockManager] Waiting to acquire shared lock on daemon addresses registry.
2025-02-16T19:23:25.696+0500 [DEBUG] [org.gradle.cache.internal.DefaultFileLockManager] Lock acquired on daemon addresses registry.
2025-02-16T19:23:25.697+0500 [DEBUG] [org.gradle.cache.internal.DefaultFileLockManager] Releasing lock on daemon addresses registry.
2025-02-16T19:23:35.689+0500 [DEBUG] [org.gradle.cache.internal.DefaultFileLockManager] Waiting to acquire shared lock on daemon addresses registry.
2025-02-16T19:23:35.690+0500 [DEBUG] [org.gradle.cache.internal.DefaultFileLockManager] Lock acquired on daemon addresses registry.
2025-02-16T19:23:35.691+0500 [DEBUG] [org.gradle.cache.internal.DefaultFileLockManager] Releasing lock on daemon addresses registry.
2025-02-16T19:23:35.692+0500 [DEBUG] [org.gradle.cache.internal.DefaultFileLockManager] Waiting to acquire shared lock on daemon addresses registry.
2025-02-16T19:23:35.692+0500 [DEBUG] [org.gradle.cache.internal.DefaultFileLockManager] Lock acquired on daemon addresses registry.
2025-02-16T19:23:35.693+0500 [DEBUG] [org.gradle.cache.internal.DefaultFileLockManager] Releasing lock on daemon addresses registry.
2025-02-16T19:23:35.693+0500 [DEBUG] [org.gradle.cache.internal.DefaultFileLockManager] Waiting to acquire shared lock on daemon addresses registry.
2025-02-16T19:23:35.700+0500 [DEBUG] [org.gradle.cache.internal.DefaultFileLockManager] Lock acquired on daemon addresses registry.
2025-02-16T19:23:35.701+0500 [DEBUG] [org.gradle.cache.internal.DefaultFileLockManager] Releasing lock on daemon addresses registry.
2025-02-16T19:23:42.830+0500 [DEBUG] [org.gradle.process.internal.health.memory.DefaultMemoryManager] 421136793 memory requested, 321548288 free
2025-02-16T19:23:42.830+0500 [DEBUG] [org.gradle.workers.internal.WorkerDaemonExpiration] Will attempt to release 401 of memory
2025-02-16T19:23:42.831+0500 [DEBUG] [org.gradle.process.internal.health.memory.DefaultMemoryManager] 421136793 memory requested, 0 released, 321548288 free
2025-02-16T19:23:45.069+0500 [DEBUG] [org.gradle.cache.internal.LockOnDemandCrossProcessCacheAccess] Lock on journal cache (E:\Mobilka\caches\journal-1) requested by another process - releasing lock.
2025-02-16T19:23:45.069+0500 [DEBUG] [org.gradle.cache.internal.LockOnDemandCrossProcessCacheAccess] Releasing file lock for journal cache (E:\Mobilka\caches\journal-1)
2025-02-16T19:23:45.070+0500 [DEBUG] [org.gradle.cache.internal.btree.BTreePersistentIndexedCache] Closing cache file-access.bin (E:\Mobilka\caches\journal-1\file-access.bin)
2025-02-16T19:23:45.083+0500 [DEBUG] [org.gradle.cache.internal.DefaultFileLockManager] Releasing lock on journal cache (E:\Mobilka\caches\journal-1).
2025-02-16T19:23:45.083+0500 [DEBUG] [org.gradle.cache.internal.locklistener.FileLockCommunicator] Confirming lock release to Gradle process at port 50989 for lock with id -9042822322141592102.
2025-02-16T19:23:45.095+0500 [DEBUG] [org.gradle.cache.internal.locklistener.FileLockCommunicator] Confirming lock release to Gradle process at port 50989 for lock with id -9042822322141592102.
2025-02-16T19:23:45.685+0500 [DEBUG] [org.gradle.cache.internal.DefaultFileLockManager] Waiting to acquire shared lock on daemon addresses registry.
2025-02-16T19:23:45.685+0500 [DEBUG] [org.gradle.cache.internal.DefaultFileLockManager] Lock acquired on daemon addresses registry.
2025-02-16T19:23:45.686+0500 [DEBUG] [org.gradle.cache.internal.DefaultFileLockManager] Releasing lock on daemon addresses registry.
2025-02-16T19:23:45.690+0500 [DEBUG] [org.gradle.cache.internal.DefaultFileLockManager] Waiting to acquire shared lock on daemon addresses registry.
2025-02-16T19:23:45.690+0500 [DEBUG] [org.gradle.cache.internal.DefaultFileLockManager] Lock acquired on daemon addresses registry.
2025-02-16T19:23:45.691+0500 [DEBUG] [org.gradle.cache.internal.DefaultFileLockManager] Releasing lock on daemon addresses registry.
2025-02-16T19:23:45.692+0500 [DEBUG] [org.gradle.cache.internal.DefaultFileLockManager] Waiting to acquire shared lock on daemon addresses registry.
2025-02-16T19:23:45.693+0500 [DEBUG] [org.gradle.cache.internal.DefaultFileLockManager] Lock acquired on daemon addresses registry.
2025-02-16T19:23:45.694+0500 [DEBUG] [org.gradle.cache.internal.DefaultFileLockManager] Releasing lock on daemon addresses registry.
2025-02-16T19:23:45.841+0500 [DEBUG] [org.gradle.cache.internal.LockOnDemandCrossProcessCacheAccess] Lock on file hash cache (E:\Mobilka\caches\8.2\fileHashes) requested by another process - releasing lock.
2025-02-16T19:23:45.841+0500 [DEBUG] [org.gradle.cache.internal.LockOnDemandCrossProcessCacheAccess] Releasing file lock for file hash cache (E:\Mobilka\caches\8.2\fileHashes)
2025-02-16T19:23:45.841+0500 [DEBUG] [org.gradle.cache.internal.btree.BTreePersistentIndexedCache] Closing cache fileHashes.bin (E:\Mobilka\caches\8.2\fileHashes\fileHashes.bin)
2025-02-16T19:23:45.843+0500 [DEBUG] [org.gradle.cache.internal.btree.BTreePersistentIndexedCache] Closing cache resourceHashesCache.bin (E:\Mobilka\caches\8.2\fileHashes\resourceHashesCache.bin)
2025-02-16T19:23:45.852+0500 [DEBUG] [org.gradle.cache.internal.DefaultFileLockManager] Releasing lock on file hash cache (E:\Mobilka\caches\8.2\fileHashes).
2025-02-16T19:23:45.852+0500 [DEBUG] [org.gradle.cache.internal.locklistener.FileLockCommunicator] Confirming lock release to Gradle process at port 50989 for lock with id -865498521997041384.
2025-02-16T19:23:45.853+0500 [DEBUG] [org.gradle.cache.internal.locklistener.FileLockCommunicator] Confirming lock release to Gradle process at port 50989 for lock with id -865498521997041384.
2025-02-16T19:23:47.830+0500 [DEBUG] [org.gradle.process.internal.health.memory.DefaultMemoryManager] 421136793 memory requested, 317128704 free
2025-02-16T19:23:47.831+0500 [DEBUG] [org.gradle.workers.internal.WorkerDaemonExpiration] Will attempt to release 401 of memory
2025-02-16T19:23:47.831+0500 [DEBUG] [org.gradle.process.internal.health.memory.DefaultMemoryManager] 421136793 memory requested, 0 released, 317128704 free
2025-02-16T19:23:47.960+0500 [DEBUG] [org.gradle.cache.internal.LockOnDemandCrossProcessCacheAccess] Lock on file content cache (E:\Mobilka\caches\8.2\fileContent) requested by another process - releasing lock.
2025-02-16T19:23:47.961+0500 [DEBUG] [org.gradle.cache.internal.LockOnDemandCrossProcessCacheAccess] Releasing file lock for file content cache (E:\Mobilka\caches\8.2\fileContent)
2025-02-16T19:23:47.961+0500 [DEBUG] [org.gradle.cache.internal.DefaultFileLockManager] Releasing lock on file content cache (E:\Mobilka\caches\8.2\fileContent).
2025-02-16T19:23:47.976+0500 [DEBUG] [org.gradle.cache.internal.locklistener.FileLockCommunicator] Confirming lock release to Gradle process at port 50989 for lock with id 2402332137284570104.
2025-02-16T19:23:47.977+0500 [DEBUG] [org.gradle.cache.internal.locklistener.FileLockCommunicator] Confirming lock release to Gradle process at port 50989 for lock with id 2402332137284570104.
2025-02-16T19:23:48.426+0500 [DEBUG] [org.gradle.cache.internal.LockOnDemandCrossProcessCacheAccess] Lock on execution history cache (E:\Mobilka\caches\8.2\executionHistory) requested by another process - releasing lock.
2025-02-16T19:23:48.427+0500 [DEBUG] [org.gradle.cache.internal.LockOnDemandCrossProcessCacheAccess] Releasing file lock for execution history cache (E:\Mobilka\caches\8.2\executionHistory)
2025-02-16T19:23:48.427+0500 [DEBUG] [org.gradle.cache.internal.btree.BTreePersistentIndexedCache] Closing cache executionHistory.bin (E:\Mobilka\caches\8.2\executionHistory\executionHistory.bin)
2025-02-16T19:23:48.427+0500 [DEBUG] [org.gradle.cache.internal.DefaultFileLockManager] Releasing lock on execution history cache (E:\Mobilka\caches\8.2\executionHistory).
2025-02-16T19:23:48.428+0500 [DEBUG] [org.gradle.cache.internal.locklistener.FileLockCommunicator] Confirming lock release to Gradle process at port 50989 for lock with id -2993226380351953345.
2025-02-16T19:23:48.428+0500 [DEBUG] [org.gradle.cache.internal.locklistener.FileLockCommunicator] Confirming lock release to Gradle process at port 50989 for lock with id -2993226380351953345.
2025-02-16T19:23:48.857+0500 [DEBUG] [org.gradle.cache.internal.LockOnDemandCrossProcessCacheAccess] Lock on jars (E:\Mobilka\caches\jars-9) requested by another process - releasing lock.
2025-02-16T19:23:48.857+0500 [DEBUG] [org.gradle.cache.internal.LockOnDemandCrossProcessCacheAccess] Releasing file lock for jars (E:\Mobilka\caches\jars-9)
2025-02-16T19:23:48.857+0500 [DEBUG] [org.gradle.cache.internal.DefaultFileLockManager] Releasing lock on jars (E:\Mobilka\caches\jars-9).
2025-02-16T19:23:48.868+0500 [DEBUG] [org.gradle.cache.internal.locklistener.FileLockCommunicator] Confirming lock release to Gradle process at port 50989 for lock with id 6374398897650039784.
2025-02-16T19:23:48.869+0500 [DEBUG] [org.gradle.cache.internal.locklistener.FileLockCommunicator] Confirming lock release to Gradle process at port 50989 for lock with id 6374398897650039784.
2025-02-16T19:23:51.231+0500 [DEBUG] [org.gradle.cache.internal.LockOnDemandCrossProcessCacheAccess] Lock on kotlin-dsl (E:\Mobilka\caches\8.2\kotlin-dsl) requested by another process - releasing lock.
2025-02-16T19:23:51.231+0500 [DEBUG] [org.gradle.cache.internal.LockOnDemandCrossProcessCacheAccess] Releasing file lock for kotlin-dsl (E:\Mobilka\caches\8.2\kotlin-dsl)
2025-02-16T19:23:51.231+0500 [DEBUG] [org.gradle.cache.internal.btree.BTreePersistentIndexedCache] Closing cache executionHistory.bin (E:\Mobilka\caches\8.2\kotlin-dsl\executionHistory.bin)
2025-02-16T19:23:51.232+0500 [DEBUG] [org.gradle.cache.internal.DefaultFileLockManager] Releasing lock on kotlin-dsl (E:\Mobilka\caches\8.2\kotlin-dsl).
2025-02-16T19:23:51.233+0500 [DEBUG] [org.gradle.cache.internal.locklistener.FileLockCommunicator] Confirming lock release to Gradle process at port 50989 for lock with id 4627059349623723823.
2025-02-16T19:23:51.233+0500 [DEBUG] [org.gradle.cache.internal.locklistener.FileLockCommunicator] Confirming lock release to Gradle process at port 50989 for lock with id 4627059349623723823.
2025-02-16T19:23:51.382+0500 [DEBUG] [org.gradle.cache.internal.LockOnDemandCrossProcessCacheAccess] Lock on Generated Gradle JARs cache (E:\Mobilka\caches\8.2\generated-gradle-jars) requested by another process - releasing lock.
2025-02-16T19:23:51.383+0500 [DEBUG] [org.gradle.cache.internal.LockOnDemandCrossProcessCacheAccess] Releasing file lock for Generated Gradle JARs cache (E:\Mobilka\caches\8.2\generated-gradle-jars)
2025-02-16T19:23:51.383+0500 [DEBUG] [org.gradle.cache.internal.DefaultFileLockManager] Releasing lock on Generated Gradle JARs cache (E:\Mobilka\caches\8.2\generated-gradle-jars).
2025-02-16T19:23:51.384+0500 [DEBUG] [org.gradle.cache.internal.locklistener.FileLockCommunicator] Confirming lock release to Gradle process at port 50989 for lock with id 6176488601121340439.
2025-02-16T19:23:51.384+0500 [DEBUG] [org.gradle.cache.internal.locklistener.FileLockCommunicator] Confirming lock release to Gradle process at port 50989 for lock with id 6176488601121340439.
2025-02-16T19:23:52.829+0500 [DEBUG] [org.gradle.process.internal.health.memory.DefaultMemoryManager] 421136793 memory requested, 360812544 free
2025-02-16T19:23:52.830+0500 [DEBUG] [org.gradle.workers.internal.WorkerDaemonExpiration] Will attempt to release 401 of memory
2025-02-16T19:23:52.830+0500 [DEBUG] [org.gradle.process.internal.health.memory.DefaultMemoryManager] 421136793 memory requested, 0 released, 360812544 free
2025-02-16T19:23:53.720+0500 [DEBUG] [org.gradle.cache.internal.LockOnDemandCrossProcessCacheAccess] Lock on artifact cache (E:\Mobilka\caches\modules-2) requested by another process - releasing lock.
2025-02-16T19:23:53.720+0500 [DEBUG] [org.gradle.cache.internal.LockOnDemandCrossProcessCacheAccess] Releasing file lock for artifact cache (E:\Mobilka\caches\modules-2)
2025-02-16T19:23:53.720+0500 [DEBUG] [org.gradle.cache.internal.btree.BTreePersistentIndexedCache] Closing cache module-artifact.bin (E:\Mobilka\caches\modules-2\metadata-2.106\module-artifact.bin)
2025-02-16T19:23:53.722+0500 [DEBUG] [org.gradle.cache.internal.btree.BTreePersistentIndexedCache] Closing cache module-metadata.bin (E:\Mobilka\caches\modules-2\metadata-2.106\module-metadata.bin)
2025-02-16T19:23:53.723+0500 [DEBUG] [org.gradle.cache.internal.btree.BTreePersistentIndexedCache] Closing cache module-artifacts.bin (E:\Mobilka\caches\modules-2\metadata-2.106\module-artifacts.bin)
2025-02-16T19:23:53.726+0500 [DEBUG] [org.gradle.cache.internal.DefaultFileLockManager] Releasing lock on artifact cache (E:\Mobilka\caches\modules-2).
2025-02-16T19:23:53.726+0500 [DEBUG] [org.gradle.cache.internal.locklistener.FileLockCommunicator] Confirming lock release to Gradle process at port 50989 for lock with id -2146409504917580908.
2025-02-16T19:23:53.727+0500 [DEBUG] [org.gradle.cache.internal.locklistener.FileLockCommunicator] Confirming lock release to Gradle process at port 50989 for lock with id -2146409504917580908.
2025-02-16T19:23:55.685+0500 [DEBUG] [org.gradle.cache.internal.DefaultFileLockManager] Waiting to acquire shared lock on daemon addresses registry.
2025-02-16T19:23:55.685+0500 [DEBUG] [org.gradle.cache.internal.DefaultFileLockManager] Lock acquired on daemon addresses registry.
2025-02-16T19:23:55.686+0500 [DEBUG] [org.gradle.cache.internal.DefaultFileLockManager] Releasing lock on daemon addresses registry.
2025-02-16T19:23:55.687+0500 [DEBUG] [org.gradle.cache.internal.DefaultFileLockManager] Waiting to acquire shared lock on daemon addresses registry.
2025-02-16T19:23:55.687+0500 [DEBUG] [org.gradle.cache.internal.DefaultFileLockManager] Lock acquired on daemon addresses registry.
2025-02-16T19:23:55.688+0500 [DEBUG] [org.gradle.cache.internal.DefaultFileLockManager] Releasing lock on daemon addresses registry.
2025-02-16T19:23:55.688+0500 [DEBUG] [org.gradle.cache.internal.DefaultFileLockManager] Waiting to acquire shared lock on daemon addresses registry.
2025-02-16T19:23:55.689+0500 [DEBUG] [org.gradle.cache.internal.DefaultFileLockManager] Lock acquired on daemon addresses registry.
2025-02-16T19:23:55.689+0500 [DEBUG] [org.gradle.cache.internal.DefaultFileLockManager] Releasing lock on daemon addresses registry.
2025-02-16T19:23:57.829+0500 [DEBUG] [org.gradle.process.internal.health.memory.DefaultMemoryManager] 421136793 memory requested, 271978496 free
2025-02-16T19:23:57.842+0500 [DEBUG] [org.gradle.workers.internal.WorkerDaemonExpiration] Will attempt to release 401 of memory
2025-02-16T19:23:57.842+0500 [DEBUG] [org.gradle.process.internal.health.memory.DefaultMemoryManager] 421136793 memory requested, 0 released, 271978496 free
2025-02-16T19:24:05.685+0500 [DEBUG] [org.gradle.cache.internal.DefaultFileLockManager] Waiting to acquire shared lock on daemon addresses registry.
2025-02-16T19:24:05.686+0500 [DEBUG] [org.gradle.cache.internal.DefaultFileLockManager] Lock acquired on daemon addresses registry.
2025-02-16T19:24:05.686+0500 [DEBUG] [org.gradle.cache.internal.DefaultFileLockManager] Releasing lock on daemon addresses registry.
2025-02-16T19:24:05.688+0500 [DEBUG] [org.gradle.cache.internal.DefaultFileLockManager] Waiting to acquire shared lock on daemon addresses registry.
2025-02-16T19:24:05.688+0500 [DEBUG] [org.gradle.cache.internal.DefaultFileLockManager] Lock acquired on daemon addresses registry.
2025-02-16T19:24:05.688+0500 [DEBUG] [org.gradle.cache.internal.DefaultFileLockManager] Releasing lock on daemon addresses registry.
2025-02-16T19:24:05.695+0500 [DEBUG] [org.gradle.cache.internal.DefaultFileLockManager] Waiting to acquire shared lock on daemon addresses registry.
2025-02-16T19:24:05.695+0500 [DEBUG] [org.gradle.cache.internal.DefaultFileLockManager] Lock acquired on daemon addresses registry.
2025-02-16T19:24:05.696+0500 [DEBUG] [org.gradle.cache.internal.DefaultFileLockManager] Releasing lock on daemon addresses registry.
2025-02-16T19:24:07.827+0500 [DEBUG] [org.gradle.process.internal.health.memory.DefaultMemoryManager] 421136793 memory requested, 339644416 free
2025-02-16T19:24:07.828+0500 [DEBUG] [org.gradle.workers.internal.WorkerDaemonExpiration] Will attempt to release 401 of memory
2025-02-16T19:24:07.889+0500 [DEBUG] [org.gradle.process.internal.health.memory.DefaultMemoryManager] 421136793 memory requested, 0 released, 339644416 free
2025-02-16T19:24:12.830+0500 [DEBUG] [org.gradle.process.internal.health.memory.DefaultMemoryManager] 421136793 memory requested, 327606272 free
2025-02-16T19:24:12.831+0500 [DEBUG] [org.gradle.workers.internal.WorkerDaemonExpiration] Will attempt to release 401 of memory
2025-02-16T19:24:12.831+0500 [DEBUG] [org.gradle.process.internal.health.memory.DefaultMemoryManager] 421136793 memory requested, 0 released, 327606272 free
2025-02-16T19:24:15.701+0500 [DEBUG] [org.gradle.cache.internal.DefaultFileLockManager] Waiting to acquire shared lock on daemon addresses registry.
2025-02-16T19:24:15.701+0500 [DEBUG] [org.gradle.cache.internal.DefaultFileLockManager] Lock acquired on daemon addresses registry.
2025-02-16T19:24:15.702+0500 [DEBUG] [org.gradle.cache.internal.DefaultFileLockManager] Releasing lock on daemon addresses registry.
2025-02-16T19:24:15.703+0500 [DEBUG] [org.gradle.cache.internal.DefaultFileLockManager] Waiting to acquire shared lock on daemon addresses registry.
2025-02-16T19:24:15.703+0500 [DEBUG] [org.gradle.cache.internal.DefaultFileLockManager] Lock acquired on daemon addresses registry.
2025-02-16T19:24:15.704+0500 [DEBUG] [org.gradle.cache.internal.DefaultFileLockManager] Releasing lock on daemon addresses registry.
2025-02-16T19:24:15.751+0500 [DEBUG] [org.gradle.cache.internal.DefaultFileLockManager] Waiting to acquire shared lock on daemon addresses registry.
2025-02-16T19:24:15.751+0500 [DEBUG] [org.gradle.cache.internal.DefaultFileLockManager] Lock acquired on daemon addresses registry.
2025-02-16T19:24:15.752+0500 [DEBUG] [org.gradle.cache.internal.DefaultFileLockManager] Releasing lock on daemon addresses registry.
2025-02-16T19:24:17.821+0500 [DEBUG] [org.gradle.process.internal.health.memory.DefaultMemoryManager] 421136793 memory requested, 377552896 free
2025-02-16T19:24:17.822+0500 [DEBUG] [org.gradle.workers.internal.WorkerDaemonExpiration] Will attempt to release 401 of memory
2025-02-16T19:24:17.822+0500 [DEBUG] [org.gradle.process.internal.health.memory.DefaultMemoryManager] 421136793 memory requested, 0 released, 377552896 free
2025-02-16T19:24:19.827+0500 [DEBUG] [org.gradle.cache.internal.LockOnDemandCrossProcessCacheAccess] Lock on Artifact transforms cache (E:\Mobilka\caches\transforms-3) requested by another process - releasing lock.
2025-02-16T19:24:19.827+0500 [DEBUG] [org.gradle.cache.internal.LockOnDemandCrossProcessCacheAccess] Releasing file lock for Artifact transforms cache (E:\Mobilka\caches\transforms-3)
2025-02-16T19:24:19.830+0500 [DEBUG] [org.gradle.cache.internal.DefaultFileLockManager] Releasing lock on Artifact transforms cache (E:\Mobilka\caches\transforms-3).
2025-02-16T19:24:19.843+0500 [DEBUG] [org.gradle.cache.internal.locklistener.FileLockCommunicator] Confirming lock release to Gradle process at port 50989 for lock with id -3574268566791108722.
2025-02-16T19:24:19.843+0500 [DEBUG] [org.gradle.cache.internal.locklistener.FileLockCommunicator] Confirming lock release to Gradle process at port 50989 for lock with id -3574268566791108722.
2025-02-16T19:24:22.829+0500 [DEBUG] [org.gradle.process.internal.health.memory.DefaultMemoryManager] 421136793 memory requested, 312754176 free
2025-02-16T19:24:22.830+0500 [DEBUG] [org.gradle.workers.internal.WorkerDaemonExpiration] Will attempt to release 401 of memory
2025-02-16T19:24:22.830+0500 [DEBUG] [org.gradle.process.internal.health.memory.DefaultMemoryManager] 421136793 memory requested, 0 released, 312754176 free
2025-02-16T19:24:25.696+0500 [DEBUG] [org.gradle.cache.internal.DefaultFileLockManager] Waiting to acquire shared lock on daemon addresses registry.
2025-02-16T19:24:25.709+0500 [DEBUG] [org.gradle.cache.internal.DefaultFileLockManager] Lock acquired on daemon addresses registry.
2025-02-16T19:24:25.711+0500 [DEBUG] [org.gradle.cache.internal.DefaultFileLockManager] Releasing lock on daemon addresses registry.
2025-02-16T19:24:25.717+0500 [DEBUG] [org.gradle.cache.internal.DefaultFileLockManager] Waiting to acquire shared lock on daemon addresses registry.
2025-02-16T19:24:25.725+0500 [DEBUG] [org.gradle.cache.internal.DefaultFileLockManager] Lock acquired on daemon addresses registry.
2025-02-16T19:24:25.731+0500 [DEBUG] [org.gradle.cache.internal.DefaultFileLockManager] Releasing lock on daemon addresses registry.
2025-02-16T19:24:25.732+0500 [DEBUG] [org.gradle.cache.internal.DefaultFileLockManager] Waiting to acquire shared lock on daemon addresses registry.
2025-02-16T19:24:25.744+0500 [DEBUG] [org.gradle.cache.internal.DefaultFileLockManager] Lock acquired on daemon addresses registry.
2025-02-16T19:24:25.770+0500 [DEBUG] [org.gradle.cache.internal.DefaultFileLockManager] Releasing lock on daemon addresses registry.
2025-02-16T19:24:27.845+0500 [DEBUG] [org.gradle.process.internal.health.memory.DefaultMemoryManager] 421136793 memory requested, 306425856 free
2025-02-16T19:24:27.846+0500 [DEBUG] [org.gradle.workers.internal.WorkerDaemonExpiration] Will attempt to release 401 of memory
2025-02-16T19:24:27.846+0500 [DEBUG] [org.gradle.process.internal.health.memory.DefaultMemoryManager] 421136793 memory requested, 0 released, 306425856 free
2025-02-16T19:24:32.833+0500 [DEBUG] [org.gradle.process.internal.health.memory.DefaultMemoryManager] 421136793 memory requested, 304762880 free
2025-02-16T19:24:32.833+0500 [DEBUG] [org.gradle.workers.internal.WorkerDaemonExpiration] Will attempt to release 401 of memory
2025-02-16T19:24:32.833+0500 [DEBUG] [org.gradle.process.internal.health.memory.DefaultMemoryManager] 421136793 memory requested, 0 released, 304762880 free
2025-02-16T19:24:35.690+0500 [DEBUG] [org.gradle.cache.internal.DefaultFileLockManager] Waiting to acquire shared lock on daemon addresses registry.
2025-02-16T19:24:35.691+0500 [DEBUG] [org.gradle.cache.internal.DefaultFileLockManager] Lock acquired on daemon addresses registry.
2025-02-16T19:24:35.692+0500 [DEBUG] [org.gradle.cache.internal.DefaultFileLockManager] Releasing lock on daemon addresses registry.
2025-02-16T19:24:35.694+0500 [DEBUG] [org.gradle.cache.internal.DefaultFileLockManager] Waiting to acquire shared lock on daemon addresses registry.
2025-02-16T19:24:35.697+0500 [DEBUG] [org.gradle.cache.internal.DefaultFileLockManager] Lock acquired on daemon addresses registry.
2025-02-16T19:24:35.698+0500 [DEBUG] [org.gradle.cache.internal.DefaultFileLockManager] Releasing lock on daemon addresses registry.
2025-02-16T19:24:35.700+0500 [DEBUG] [org.gradle.cache.internal.DefaultFileLockManager] Waiting to acquire shared lock on daemon addresses registry.
2025-02-16T19:24:35.700+0500 [DEBUG] [org.gradle.cache.internal.DefaultFileLockManager] Lock acquired on daemon addresses registry.
2025-02-16T19:24:35.702+0500 [DEBUG] [org.gradle.cache.internal.DefaultFileLockManager] Releasing lock on daemon addresses registry.
2025-02-16T19:24:37.828+0500 [DEBUG] [org.gradle.process.internal.health.memory.DefaultMemoryManager] 421136793 memory requested, 276865024 free
2025-02-16T19:24:37.829+0500 [DEBUG] [org.gradle.workers.internal.WorkerDaemonExpiration] Will attempt to release 401 of memory
2025-02-16T19:24:37.829+0500 [DEBUG] [org.gradle.process.internal.health.memory.DefaultMemoryManager] 421136793 memory requested, 0 released, 276865024 free
2025-02-16T19:24:42.816+0500 [DEBUG] [org.gradle.process.internal.health.memory.DefaultMemoryManager] 421136793 memory requested, 238579712 free
2025-02-16T19:24:42.816+0500 [DEBUG] [org.gradle.workers.internal.WorkerDaemonExpiration] Will attempt to release 401 of memory
2025-02-16T19:24:42.817+0500 [DEBUG] [org.gradle.process.internal.health.memory.DefaultMemoryManager] 421136793 memory requested, 0 released, 238579712 free
2025-02-16T19:24:45.691+0500 [DEBUG] [org.gradle.cache.internal.DefaultFileLockManager] Waiting to acquire shared lock on daemon addresses registry.
2025-02-16T19:24:45.691+0500 [DEBUG] [org.gradle.cache.internal.DefaultFileLockManager] Lock acquired on daemon addresses registry.
2025-02-16T19:24:45.700+0500 [DEBUG] [org.gradle.cache.internal.DefaultFileLockManager] Releasing lock on daemon addresses registry.
2025-02-16T19:24:45.702+0500 [DEBUG] [org.gradle.cache.internal.DefaultFileLockManager] Waiting to acquire shared lock on daemon addresses registry.
2025-02-16T19:24:45.702+0500 [DEBUG] [org.gradle.cache.internal.DefaultFileLockManager] Lock acquired on daemon addresses registry.
2025-02-16T19:24:45.702+0500 [DEBUG] [org.gradle.cache.internal.DefaultFileLockManager] Releasing lock on daemon addresses registry.
2025-02-16T19:24:45.703+0500 [DEBUG] [org.gradle.cache.internal.DefaultFileLockManager] Waiting to acquire shared lock on daemon addresses registry.
2025-02-16T19:24:45.720+0500 [DEBUG] [org.gradle.cache.internal.DefaultFileLockManager] Lock acquired on daemon addresses registry.
2025-02-16T19:24:45.727+0500 [DEBUG] [org.gradle.cache.internal.DefaultFileLockManager] Releasing lock on daemon addresses registry.
2025-02-16T19:24:47.829+0500 [DEBUG] [org.gradle.process.internal.health.memory.DefaultMemoryManager] 421136793 memory requested, 241655808 free
2025-02-16T19:24:47.829+0500 [DEBUG] [org.gradle.workers.internal.WorkerDaemonExpiration] Will attempt to release 401 of memory
2025-02-16T19:24:47.830+0500 [DEBUG] [org.gradle.process.internal.health.memory.DefaultMemoryManager] 421136793 memory requested, 0 released, 241655808 free
2025-02-16T19:24:55.691+0500 [DEBUG] [org.gradle.cache.internal.DefaultFileLockManager] Waiting to acquire shared lock on daemon addresses registry.
2025-02-16T19:24:55.747+0500 [DEBUG] [org.gradle.cache.internal.DefaultFileLockManager] Lock acquired on daemon addresses registry.
2025-02-16T19:24:55.755+0500 [DEBUG] [org.gradle.cache.internal.DefaultFileLockManager] Releasing lock on daemon addresses registry.
2025-02-16T19:24:55.757+0500 [DEBUG] [org.gradle.cache.internal.DefaultFileLockManager] Waiting to acquire shared lock on daemon addresses registry.
2025-02-16T19:24:55.757+0500 [DEBUG] [org.gradle.cache.internal.DefaultFileLockManager] Lock acquired on daemon addresses registry.
2025-02-16T19:24:55.761+0500 [DEBUG] [org.gradle.cache.internal.DefaultFileLockManager] Releasing lock on daemon addresses registry.
2025-02-16T19:24:55.762+0500 [DEBUG] [org.gradle.cache.internal.DefaultFileLockManager] Waiting to acquire shared lock on daemon addresses registry.
2025-02-16T19:24:55.763+0500 [DEBUG] [org.gradle.cache.internal.DefaultFileLockManager] Lock acquired on daemon addresses registry.
2025-02-16T19:24:55.770+0500 [DEBUG] [org.gradle.cache.internal.DefaultFileLockManager] Releasing lock on daemon addresses registry.
2025-02-16T19:24:57.817+0500 [DEBUG] [org.gradle.process.internal.health.memory.DefaultMemoryManager] 421136793 memory requested, 371728384 free
2025-02-16T19:24:57.828+0500 [DEBUG] [org.gradle.workers.internal.WorkerDaemonExpiration] Will attempt to release 401 of memory
2025-02-16T19:24:57.828+0500 [DEBUG] [org.gradle.process.internal.health.memory.DefaultMemoryManager] 421136793 memory requested, 0 released, 371728384 free
2025-02-16T19:25:02.817+0500 [DEBUG] [org.gradle.process.internal.health.memory.DefaultMemoryManager] 421136793 memory requested, 275468288 free
2025-02-16T19:25:02.818+0500 [DEBUG] [org.gradle.workers.internal.WorkerDaemonExpiration] Will attempt to release 401 of memory
2025-02-16T19:25:02.818+0500 [DEBUG] [org.gradle.process.internal.health.memory.DefaultMemoryManager] 421136793 memory requested, 0 released, 275468288 free
2025-02-16T19:25:05.702+0500 [DEBUG] [org.gradle.cache.internal.DefaultFileLockManager] Waiting to acquire shared lock on daemon addresses registry.
2025-02-16T19:25:05.703+0500 [DEBUG] [org.gradle.cache.internal.DefaultFileLockManager] Lock acquired on daemon addresses registry.
2025-02-16T19:25:05.707+0500 [DEBUG] [org.gradle.cache.internal.DefaultFileLockManager] Releasing lock on daemon addresses registry.
2025-02-16T19:25:05.710+0500 [DEBUG] [org.gradle.cache.internal.DefaultFileLockManager] Waiting to acquire shared lock on daemon addresses registry.
2025-02-16T19:25:05.713+0500 [DEBUG] [org.gradle.cache.internal.DefaultFileLockManager] Lock acquired on daemon addresses registry.
2025-02-16T19:25:05.714+0500 [DEBUG] [org.gradle.cache.internal.DefaultFileLockManager] Releasing lock on daemon addresses registry.
2025-02-16T19:25:05.715+0500 [DEBUG] [org.gradle.cache.internal.DefaultFileLockManager] Waiting to acquire shared lock on daemon addresses registry.
2025-02-16T19:25:05.716+0500 [DEBUG] [org.gradle.cache.internal.DefaultFileLockManager] Lock acquired on daemon addresses registry.
2025-02-16T19:25:05.719+0500 [DEBUG] [org.gradle.cache.internal.DefaultFileLockManager] Releasing lock on daemon addresses registry.
2025-02-16T19:25:07.826+0500 [DEBUG] [org.gradle.process.internal.health.memory.DefaultMemoryManager] 421136793 memory requested, 147329024 free
2025-02-16T19:25:07.829+0500 [DEBUG] [org.gradle.workers.internal.WorkerDaemonExpiration] Will attempt to release 401 of memory
2025-02-16T19:25:07.833+0500 [DEBUG] [org.gradle.process.internal.health.memory.DefaultMemoryManager] 421136793 memory requested, 0 released, 147329024 free
2025-02-16T19:25:12.841+0500 [DEBUG] [org.gradle.process.internal.health.memory.DefaultMemoryManager] 421136793 memory requested, 242614272 free
2025-02-16T19:25:12.843+0500 [DEBUG] [org.gradle.workers.internal.WorkerDaemonExpiration] Will attempt to release 401 of memory
2025-02-16T19:25:12.843+0500 [DEBUG] [org.gradle.process.internal.health.memory.DefaultMemoryManager] 421136793 memory requested, 0 released, 242614272 free
2025-02-16T19:25:15.706+0500 [DEBUG] [org.gradle.cache.internal.DefaultFileLockManager] Waiting to acquire shared lock on daemon addresses registry.
2025-02-16T19:25:15.710+0500 [DEBUG] [org.gradle.cache.internal.DefaultFileLockManager] Lock acquired on daemon addresses registry.
2025-02-16T19:25:15.712+0500 [DEBUG] [org.gradle.cache.internal.DefaultFileLockManager] Releasing lock on daemon addresses registry.
2025-02-16T19:25:15.715+0500 [DEBUG] [org.gradle.cache.internal.DefaultFileLockManager] Waiting to acquire shared lock on daemon addresses registry.
2025-02-16T19:25:15.715+0500 [DEBUG] [org.gradle.cache.internal.DefaultFileLockManager] Lock acquired on daemon addresses registry.
2025-02-16T19:25:15.716+0500 [DEBUG] [org.gradle.cache.internal.DefaultFileLockManager] Releasing lock on daemon addresses registry.
2025-02-16T19:25:15.717+0500 [DEBUG] [org.gradle.cache.internal.DefaultFileLockManager] Waiting to acquire shared lock on daemon addresses registry.
2025-02-16T19:25:15.718+0500 [DEBUG] [org.gradle.cache.internal.DefaultFileLockManager] Lock acquired on daemon addresses registry.
2025-02-16T19:25:15.719+0500 [DEBUG] [org.gradle.cache.internal.DefaultFileLockManager] Releasing lock on daemon addresses registry.
2025-02-16T19:25:17.876+0500 [DEBUG] [org.gradle.process.internal.health.memory.DefaultMemoryManager] 421136793 memory requested, 234426368 free
2025-02-16T19:25:17.888+0500 [DEBUG] [org.gradle.workers.internal.WorkerDaemonExpiration] Will attempt to release 401 of memory
2025-02-16T19:25:17.889+0500 [DEBUG] [org.gradle.process.internal.health.memory.DefaultMemoryManager] 421136793 memory requested, 0 released, 234426368 free
2025-02-16T19:25:22.822+0500 [DEBUG] [org.gradle.process.internal.health.memory.DefaultMemoryManager] 421136793 memory requested, 198750208 free
2025-02-16T19:25:22.822+0500 [DEBUG] [org.gradle.workers.internal.WorkerDaemonExpiration] Will attempt to release 401 of memory
2025-02-16T19:25:22.822+0500 [DEBUG] [org.gradle.process.internal.health.memory.DefaultMemoryManager] 421136793 memory requested, 0 released, 198750208 free
2025-02-16T19:25:25.685+0500 [DEBUG] [org.gradle.cache.internal.DefaultFileLockManager] Waiting to acquire shared lock on daemon addresses registry.
2025-02-16T19:25:25.726+0500 [DEBUG] [org.gradle.cache.internal.DefaultFileLockManager] Lock acquired on daemon addresses registry.
2025-02-16T19:25:25.727+0500 [DEBUG] [org.gradle.cache.internal.DefaultFileLockManager] Releasing lock on daemon addresses registry.
2025-02-16T19:25:25.728+0500 [DEBUG] [org.gradle.cache.internal.DefaultFileLockManager] Waiting to acquire shared lock on daemon addresses registry.
2025-02-16T19:25:25.728+0500 [DEBUG] [org.gradle.cache.internal.DefaultFileLockManager] Lock acquired on daemon addresses registry.
2025-02-16T19:25:26.083+0500 [DEBUG] [org.gradle.cache.internal.DefaultFileLockManager] Releasing lock on daemon addresses registry.
2025-02-16T19:25:26.113+0500 [DEBUG] [org.gradle.cache.internal.DefaultFileLockManager] Waiting to acquire shared lock on daemon addresses registry.
2025-02-16T19:25:26.143+0500 [DEBUG] [org.gradle.cache.internal.DefaultFileLockManager] Lock acquired on daemon addresses registry.
2025-02-16T19:25:26.200+0500 [DEBUG] [org.gradle.cache.internal.DefaultFileLockManager] Releasing lock on daemon addresses registry.
2025-02-16T19:25:27.832+0500 [DEBUG] [org.gradle.process.internal.health.memory.DefaultMemoryManager] 421136793 memory requested, 286973952 free
2025-02-16T19:25:27.836+0500 [DEBUG] [org.gradle.workers.internal.WorkerDaemonExpiration] Will attempt to release 401 of memory
2025-02-16T19:25:27.837+0500 [DEBUG] [org.gradle.process.internal.health.memory.DefaultMemoryManager] 421136793 memory requested, 0 released, 286973952 free
2025-02-16T19:25:32.868+0500 [DEBUG] [org.gradle.process.internal.health.memory.DefaultMemoryManager] 421136793 memory requested, 79515648 free
2025-02-16T19:25:32.869+0500 [DEBUG] [org.gradle.workers.internal.WorkerDaemonExpiration] Will attempt to release 401 of memory
2025-02-16T19:25:32.869+0500 [DEBUG] [org.gradle.process.internal.health.memory.DefaultMemoryManager] 421136793 memory requested, 0 released, 79515648 free
2025-02-16T19:25:35.692+0500 [DEBUG] [org.gradle.cache.internal.DefaultFileLockManager] Waiting to acquire shared lock on daemon addresses registry.
2025-02-16T19:25:35.694+0500 [DEBUG] [org.gradle.cache.internal.DefaultFileLockManager] Lock acquired on daemon addresses registry.
2025-02-16T19:25:35.695+0500 [DEBUG] [org.gradle.cache.internal.DefaultFileLockManager] Releasing lock on daemon addresses registry.
2025-02-16T19:25:35.697+0500 [DEBUG] [org.gradle.cache.internal.DefaultFileLockManager] Waiting to acquire shared lock on daemon addresses registry.
2025-02-16T19:25:35.705+0500 [DEBUG] [org.gradle.cache.internal.DefaultFileLockManager] Lock acquired on daemon addresses registry.
2025-02-16T19:25:35.706+0500 [DEBUG] [org.gradle.cache.internal.DefaultFileLockManager] Releasing lock on daemon addresses registry.
2025-02-16T19:25:35.707+0500 [DEBUG] [org.gradle.cache.internal.DefaultFileLockManager] Waiting to acquire shared lock on daemon addresses registry.
2025-02-16T19:25:35.713+0500 [DEBUG] [org.gradle.cache.internal.DefaultFileLockManager] Lock acquired on daemon addresses registry.
2025-02-16T19:25:35.714+0500 [DEBUG] [org.gradle.cache.internal.DefaultFileLockManager] Releasing lock on daemon addresses registry.
2025-02-16T19:25:37.832+0500 [DEBUG] [org.gradle.process.internal.health.memory.DefaultMemoryManager] 421136793 memory requested, 237895680 free
2025-02-16T19:25:37.833+0500 [DEBUG] [org.gradle.workers.internal.WorkerDaemonExpiration] Will attempt to release 401 of memory
2025-02-16T19:25:37.833+0500 [DEBUG] [org.gradle.process.internal.health.memory.DefaultMemoryManager] 421136793 memory requested, 0 released, 237895680 free
2025-02-16T19:25:42.821+0500 [DEBUG] [org.gradle.process.internal.health.memory.DefaultMemoryManager] 421136793 memory requested, 207261696 free
2025-02-16T19:25:42.821+0500 [DEBUG] [org.gradle.workers.internal.WorkerDaemonExpiration] Will attempt to release 401 of memory
2025-02-16T19:25:42.822+0500 [DEBUG] [org.gradle.process.internal.health.memory.DefaultMemoryManager] 421136793 memory requested, 0 released, 207261696 free
2025-02-16T19:25:45.766+0500 [DEBUG] [org.gradle.cache.internal.DefaultFileLockManager] Waiting to acquire shared lock on daemon addresses registry.
2025-02-16T19:25:45.767+0500 [DEBUG] [org.gradle.cache.internal.DefaultFileLockManager] Lock acquired on daemon addresses registry.
2025-02-16T19:25:45.768+0500 [DEBUG] [org.gradle.cache.internal.DefaultFileLockManager] Releasing lock on daemon addresses registry.
2025-02-16T19:25:45.787+0500 [DEBUG] [org.gradle.cache.internal.DefaultFileLockManager] Waiting to acquire shared lock on daemon addresses registry.
2025-02-16T19:25:46.236+0500 [DEBUG] [org.gradle.cache.internal.DefaultFileLockManager] Lock acquired on daemon addresses registry.
2025-02-16T19:25:46.237+0500 [DEBUG] [org.gradle.cache.internal.DefaultFileLockManager] Releasing lock on daemon addresses registry.
2025-02-16T19:25:46.238+0500 [DEBUG] [org.gradle.cache.internal.DefaultFileLockManager] Waiting to acquire shared lock on daemon addresses registry.
2025-02-16T19:25:46.239+0500 [DEBUG] [org.gradle.cache.internal.DefaultFileLockManager] Lock acquired on daemon addresses registry.
2025-02-16T19:25:46.239+0500 [DEBUG] [org.gradle.cache.internal.DefaultFileLockManager] Releasing lock on daemon addresses registry.
2025-02-16T19:25:47.829+0500 [DEBUG] [org.gradle.process.internal.health.memory.DefaultMemoryManager] 421136793 memory requested, 180236288 free
2025-02-16T19:25:47.829+0500 [DEBUG] [org.gradle.workers.internal.WorkerDaemonExpiration] Will attempt to release 401 of memory
2025-02-16T19:25:47.829+0500 [DEBUG] [org.gradle.process.internal.health.memory.DefaultMemoryManager] 421136793 memory requested, 0 released, 180236288 free
2025-02-16T19:25:52.830+0500 [DEBUG] [org.gradle.process.internal.health.memory.DefaultMemoryManager] 421136793 memory requested, 173174784 free
2025-02-16T19:25:52.839+0500 [DEBUG] [org.gradle.workers.internal.WorkerDaemonExpiration] Will attempt to release 401 of memory
2025-02-16T19:25:52.853+0500 [DEBUG] [org.gradle.process.internal.health.memory.DefaultMemoryManager] 421136793 memory requested, 0 released, 173174784 free
2025-02-16T19:25:55.699+0500 [DEBUG] [org.gradle.cache.internal.DefaultFileLockManager] Waiting to acquire shared lock on daemon addresses registry.
2025-02-16T19:25:55.737+0500 [DEBUG] [org.gradle.cache.internal.DefaultFileLockManager] Lock acquired on daemon addresses registry.
2025-02-16T19:25:55.738+0500 [DEBUG] [org.gradle.cache.internal.DefaultFileLockManager] Releasing lock on daemon addresses registry.
2025-02-16T19:25:55.750+0500 [DEBUG] [org.gradle.cache.internal.DefaultFileLockManager] Waiting to acquire shared lock on daemon addresses registry.
2025-02-16T19:25:55.773+0500 [DEBUG] [org.gradle.cache.internal.DefaultFileLockManager] Lock acquired on daemon addresses registry.
2025-02-16T19:25:55.781+0500 [DEBUG] [org.gradle.cache.internal.DefaultFileLockManager] Releasing lock on daemon addresses registry.
2025-02-16T19:25:55.782+0500 [DEBUG] [org.gradle.cache.internal.DefaultFileLockManager] Waiting to acquire shared lock on daemon addresses registry.
2025-02-16T19:25:55.782+0500 [DEBUG] [org.gradle.cache.internal.DefaultFileLockManager] Lock acquired on daemon addresses registry.
2025-02-16T19:25:55.782+0500 [DEBUG] [org.gradle.cache.internal.DefaultFileLockManager] Releasing lock on daemon addresses registry.
2025-02-16T19:25:57.830+0500 [DEBUG] [org.gradle.process.internal.health.memory.DefaultMemoryManager] 421136793 memory requested, 108417024 free
2025-02-16T19:25:57.830+0500 [DEBUG] [org.gradle.workers.internal.WorkerDaemonExpiration] Will attempt to release 401 of memory
2025-02-16T19:25:57.831+0500 [DEBUG] [org.gradle.process.internal.health.memory.DefaultMemoryManager] 421136793 memory requested, 0 released, 108417024 free
2025-02-16T19:26:02.819+0500 [DEBUG] [org.gradle.process.internal.health.memory.DefaultMemoryManager] 421136793 memory requested, 146116608 free
2025-02-16T19:26:02.844+0500 [DEBUG] [org.gradle.workers.internal.WorkerDaemonExpiration] Will attempt to release 401 of memory
2025-02-16T19:26:02.853+0500 [DEBUG] [org.gradle.process.internal.health.memory.DefaultMemoryManager] 421136793 memory requested, 0 released, 146116608 free
2025-02-16T19:26:05.693+0500 [DEBUG] [org.gradle.cache.internal.DefaultFileLockManager] Waiting to acquire shared lock on daemon addresses registry.
2025-02-16T19:26:05.704+0500 [DEBUG] [org.gradle.cache.internal.DefaultFileLockManager] Lock acquired on daemon addresses registry.
2025-02-16T19:26:05.705+0500 [DEBUG] [org.gradle.cache.internal.DefaultFileLockManager] Releasing lock on daemon addresses registry.
2025-02-16T19:26:05.711+0500 [DEBUG] [org.gradle.cache.internal.DefaultFileLockManager] Waiting to acquire shared lock on daemon addresses registry.
2025-02-16T19:26:05.711+0500 [DEBUG] [org.gradle.cache.internal.DefaultFileLockManager] Lock acquired on daemon addresses registry.
2025-02-16T19:26:05.712+0500 [DEBUG] [org.gradle.cache.internal.DefaultFileLockManager] Releasing lock on daemon addresses registry.
2025-02-16T19:26:05.713+0500 [DEBUG] [org.gradle.cache.internal.DefaultFileLockManager] Waiting to acquire shared lock on daemon addresses registry.
2025-02-16T19:26:05.713+0500 [DEBUG] [org.gradle.cache.internal.DefaultFileLockManager] Lock acquired on daemon addresses registry.
2025-02-16T19:26:05.729+0500 [DEBUG] [org.gradle.cache.internal.DefaultFileLockManager] Releasing lock on daemon addresses registry.
2025-02-16T19:26:07.830+0500 [DEBUG] [org.gradle.process.internal.health.memory.DefaultMemoryManager] 421136793 memory requested, 355475456 free
2025-02-16T19:26:07.830+0500 [DEBUG] [org.gradle.workers.internal.WorkerDaemonExpiration] Will attempt to release 401 of memory
2025-02-16T19:26:07.830+0500 [DEBUG] [org.gradle.process.internal.health.memory.DefaultMemoryManager] 421136793 memory requested, 0 released, 355475456 free
2025-02-16T19:26:12.828+0500 [DEBUG] [org.gradle.process.internal.health.memory.DefaultMemoryManager] 421136793 memory requested, 279715840 free
2025-02-16T19:26:12.828+0500 [DEBUG] [org.gradle.workers.internal.WorkerDaemonExpiration] Will attempt to release 401 of memory
2025-02-16T19:26:12.829+0500 [DEBUG] [org.gradle.process.internal.health.memory.DefaultMemoryManager] 421136793 memory requested, 0 released, 279715840 free
2025-02-16T19:26:15.683+0500 [DEBUG] [org.gradle.cache.internal.DefaultFileLockManager] Waiting to acquire shared lock on daemon addresses registry.
2025-02-16T19:26:15.713+0500 [DEBUG] [org.gradle.cache.internal.DefaultFileLockManager] Lock acquired on daemon addresses registry.
2025-02-16T19:26:15.714+0500 [DEBUG] [org.gradle.cache.internal.DefaultFileLockManager] Releasing lock on daemon addresses registry.
2025-02-16T19:26:15.715+0500 [DEBUG] [org.gradle.cache.internal.DefaultFileLockManager] Waiting to acquire shared lock on daemon addresses registry.
2025-02-16T19:26:15.747+0500 [DEBUG] [org.gradle.cache.internal.DefaultFileLockManager] Lock acquired on daemon addresses registry.
2025-02-16T19:26:15.856+0500 [DEBUG] [org.gradle.cache.internal.DefaultFileLockManager] Releasing lock on daemon addresses registry.
2025-02-16T19:26:15.857+0500 [DEBUG] [org.gradle.cache.internal.DefaultFileLockManager] Waiting to acquire shared lock on daemon addresses registry.
2025-02-16T19:26:15.876+0500 [DEBUG] [org.gradle.cache.internal.DefaultFileLockManager] Lock acquired on daemon addresses registry.
2025-02-16T19:26:15.876+0500 [DEBUG] [org.gradle.cache.internal.DefaultFileLockManager] Releasing lock on daemon addresses registry.
2025-02-16T19:26:17.823+0500 [DEBUG] [org.gradle.process.internal.health.memory.DefaultMemoryManager] 421136793 memory requested, 122929152 free
2025-02-16T19:26:17.824+0500 [DEBUG] [org.gradle.workers.internal.WorkerDaemonExpiration] Will attempt to release 401 of memory
2025-02-16T19:26:17.824+0500 [DEBUG] [org.gradle.process.internal.health.memory.DefaultMemoryManager] 421136793 memory requested, 0 released, 122929152 free
2025-02-16T19:26:22.826+0500 [DEBUG] [org.gradle.process.internal.health.memory.DefaultMemoryManager] 421136793 memory requested, 145420288 free
2025-02-16T19:26:22.827+0500 [DEBUG] [org.gradle.workers.internal.WorkerDaemonExpiration] Will attempt to release 401 of memory
2025-02-16T19:26:22.867+0500 [DEBUG] [org.gradle.process.internal.health.memory.DefaultMemoryManager] 421136793 memory requested, 0 released, 145420288 free
2025-02-16T19:26:25.695+0500 [DEBUG] [org.gradle.cache.internal.DefaultFileLockManager] Waiting to acquire shared lock on daemon addresses registry.
2025-02-16T19:26:26.029+0500 [DEBUG] [org.gradle.cache.internal.DefaultFileLockManager] Lock acquired on daemon addresses registry.
2025-02-16T19:26:26.101+0500 [DEBUG] [org.gradle.cache.internal.DefaultFileLockManager] Releasing lock on daemon addresses registry.
2025-02-16T19:26:26.103+0500 [DEBUG] [org.gradle.cache.internal.DefaultFileLockManager] Waiting to acquire shared lock on daemon addresses registry.
2025-02-16T19:26:26.104+0500 [DEBUG] [org.gradle.cache.internal.DefaultFileLockManager] Lock acquired on daemon addresses registry.
2025-02-16T19:26:26.104+0500 [DEBUG] [org.gradle.cache.internal.DefaultFileLockManager] Releasing lock on daemon addresses registry.
2025-02-16T19:26:26.105+0500 [DEBUG] [org.gradle.cache.internal.DefaultFileLockManager] Waiting to acquire shared lock on daemon addresses registry.
2025-02-16T19:26:26.105+0500 [DEBUG] [org.gradle.cache.internal.DefaultFileLockManager] Lock acquired on daemon addresses registry.
2025-02-16T19:26:26.106+0500 [DEBUG] [org.gradle.cache.internal.DefaultFileLockManager] Releasing lock on daemon addresses registry.
2025-02-16T19:26:27.832+0500 [DEBUG] [org.gradle.process.internal.health.memory.DefaultMemoryManager] 421136793 memory requested, 137273344 free
2025-02-16T19:26:27.832+0500 [DEBUG] [org.gradle.workers.internal.WorkerDaemonExpiration] Will attempt to release 401 of memory
2025-02-16T19:26:27.832+0500 [DEBUG] [org.gradle.process.internal.health.memory.DefaultMemoryManager] 421136793 memory requested, 0 released, 137273344 free
2025-02-16T19:26:32.821+0500 [DEBUG] [org.gradle.process.internal.health.memory.DefaultMemoryManager] 421136793 memory requested, 233197568 free
2025-02-16T19:26:32.821+0500 [DEBUG] [org.gradle.workers.internal.WorkerDaemonExpiration] Will attempt to release 401 of memory
2025-02-16T19:26:32.821+0500 [DEBUG] [org.gradle.process.internal.health.memory.DefaultMemoryManager] 421136793 memory requested, 0 released, 233197568 free
2025-02-16T19:26:35.690+0500 [DEBUG] [org.gradle.cache.internal.DefaultFileLockManager] Waiting to acquire shared lock on daemon addresses registry.
2025-02-16T19:26:35.850+0500 [DEBUG] [org.gradle.cache.internal.DefaultFileLockManager] Lock acquired on daemon addresses registry.
2025-02-16T19:26:35.859+0500 [DEBUG] [org.gradle.cache.internal.DefaultFileLockManager] Releasing lock on daemon addresses registry.
2025-02-16T19:26:35.873+0500 [DEBUG] [org.gradle.cache.internal.DefaultFileLockManager] Waiting to acquire shared lock on daemon addresses registry.
2025-02-16T19:26:35.881+0500 [DEBUG] [org.gradle.cache.internal.DefaultFileLockManager] Lock acquired on daemon addresses registry.
2025-02-16T19:26:35.882+0500 [DEBUG] [org.gradle.cache.internal.DefaultFileLockManager] Releasing lock on daemon addresses registry.
2025-02-16T19:26:35.883+0500 [DEBUG] [org.gradle.cache.internal.DefaultFileLockManager] Waiting to acquire shared lock on daemon addresses registry.
2025-02-16T19:26:35.884+0500 [DEBUG] [org.gradle.cache.internal.DefaultFileLockManager] Lock acquired on daemon addresses registry.
2025-02-16T19:26:35.884+0500 [DEBUG] [org.gradle.cache.internal.DefaultFileLockManager] Releasing lock on daemon addresses registry.
2025-02-16T19:26:37.828+0500 [DEBUG] [org.gradle.process.internal.health.memory.DefaultMemoryManager] 421136793 memory requested, 400592896 free
2025-02-16T19:26:37.832+0500 [DEBUG] [org.gradle.workers.internal.WorkerDaemonExpiration] Will attempt to release 401 of memory
2025-02-16T19:26:37.832+0500 [DEBUG] [org.gradle.process.internal.health.memory.DefaultMemoryManager] 421136793 memory requested, 0 released, 400592896 free
2025-02-16T19:26:42.828+0500 [DEBUG] [org.gradle.process.internal.health.memory.DefaultMemoryManager] 421136793 memory requested, 387293184 free
2025-02-16T19:26:42.828+0500 [DEBUG] [org.gradle.workers.internal.WorkerDaemonExpiration] Will attempt to release 401 of memory
2025-02-16T19:26:42.828+0500 [DEBUG] [org.gradle.process.internal.health.memory.DefaultMemoryManager] 421136793 memory requested, 0 released, 387293184 free
2025-02-16T19:26:45.674+0500 [DEBUG] [org.gradle.cache.internal.DefaultFileLockManager] Waiting to acquire shared lock on daemon addresses registry.
2025-02-16T19:26:45.745+0500 [DEBUG] [org.gradle.cache.internal.DefaultFileLockManager] Lock acquired on daemon addresses registry.
2025-02-16T19:26:45.747+0500 [DEBUG] [org.gradle.cache.internal.DefaultFileLockManager] Releasing lock on daemon addresses registry.
2025-02-16T19:26:46.020+0500 [DEBUG] [org.gradle.cache.internal.DefaultFileLockManager] Waiting to acquire shared lock on daemon addresses registry.
2025-02-16T19:26:46.033+0500 [DEBUG] [org.gradle.cache.internal.DefaultFileLockManager] Lock acquired on daemon addresses registry.
2025-02-16T19:26:46.034+0500 [DEBUG] [org.gradle.cache.internal.DefaultFileLockManager] Releasing lock on daemon addresses registry.
2025-02-16T19:26:46.244+0500 [INFO] [org.gradle.launcher.daemon.server.health.LowMemoryDaemonExpirationStrategy] after free system memory (369.3 MiB) fell below threshold of 384 MiB
2025-02-16T19:26:46.385+0500 [DEBUG] [org.gradle.cache.internal.DefaultFileLockManager] Waiting to acquire shared lock on daemon addresses registry.
2025-02-16T19:26:46.386+0500 [DEBUG] [org.gradle.cache.internal.DefaultFileLockManager] Lock acquired on daemon addresses registry.
2025-02-16T19:26:46.386+0500 [DEBUG] [org.gradle.cache.internal.DefaultFileLockManager] Releasing lock on daemon addresses registry.
2025-02-16T19:26:46.494+0500 [DEBUG] [org.gradle.launcher.daemon.server.DaemonRegistryUpdater] Storing daemon stop event: after being idle for 3 minutes and not recently used and to reclaim system memory
2025-02-16T19:26:46.523+0500 [DEBUG] [org.gradle.launcher.daemon.registry.PersistentDaemonRegistry] Storing daemon stop event with timestamp 1739716006507
2025-02-16T19:26:47.175+0500 [DEBUG] [org.gradle.cache.internal.DefaultFileLockManager] Waiting to acquire exclusive lock on daemon addresses registry.
2025-02-16T19:26:47.250+0500 [DEBUG] [org.gradle.cache.internal.DefaultFileLockManager] Lock acquired on daemon addresses registry.
2025-02-16T19:26:47.276+0500 [DEBUG] [org.gradle.cache.internal.DefaultFileLockManager] Releasing lock on daemon addresses registry.
2025-02-16T19:26:47.301+0500 [LIFECYCLE] [org.gradle.launcher.daemon.server.DaemonStateCoordinator] Daemon will be stopped at the end of the build after being idle for 3 minutes and not recently used and to reclaim system memory
2025-02-16T19:26:47.366+0500 [DEBUG] [org.gradle.launcher.daemon.server.DaemonStateCoordinator] Marking daemon stopped due to after being idle for 3 minutes and not recently used and to reclaim system memory. The daemon is running a build: false
2025-02-16T19:26:47.412+0500 [DEBUG] [org.gradle.launcher.daemon.server.DaemonStateCoordinator] daemon has stopped.
2025-02-16T19:26:47.431+0500 [DEBUG] [org.gradle.launcher.daemon.server.Daemon] stop() called on daemon
2025-02-16T19:26:47.437+0500 [INFO] [org.gradle.launcher.daemon.server.Daemon] Stop requested. Daemon is removing its presence from the registry...
2025-02-16T19:26:47.593+0500 [DEBUG] [org.gradle.launcher.daemon.server.DaemonRegistryUpdater] Removing our presence to clients, eg. removing this address from the registry: [429266b8-d40e-4c70-839d-10d5d989659c port:58408, addresses:[localhost/127.0.0.1]]
2025-02-16T19:26:47.600+0500 [DEBUG] [org.gradle.launcher.daemon.registry.PersistentDaemonRegistry] Removing daemon address: [429266b8-d40e-4c70-839d-10d5d989659c port:58408, addresses:[localhost/127.0.0.1]]
2025-02-16T19:26:47.786+0500 [DEBUG] [org.gradle.cache.internal.DefaultFileLockManager] Waiting to acquire exclusive lock on daemon addresses registry.
2025-02-16T19:26:47.787+0500 [DEBUG] [org.gradle.cache.internal.DefaultFileLockManager] Lock acquired on daemon addresses registry.
2025-02-16T19:26:47.815+0500 [DEBUG] [org.gradle.cache.internal.DefaultFileLockManager] Releasing lock on daemon addresses registry.
2025-02-16T19:26:47.826+0500 [DEBUG] [org.gradle.launcher.daemon.server.DaemonRegistryUpdater] Address removed from registry.
2025-02-16T19:26:47.826+0500 [DEBUG] [org.gradle.process.internal.health.memory.DefaultMemoryManager] 421136793 memory requested, 300486656 free
2025-02-16T19:26:47.827+0500 [DEBUG] [org.gradle.workers.internal.WorkerDaemonExpiration] Will attempt to release 401 of memory
2025-02-16T19:26:47.827+0500 [DEBUG] [org.gradle.process.internal.health.memory.DefaultMemoryManager] 421136793 memory requested, 0 released, 300486656 free
2025-02-16T19:26:48.438+0500 [DEBUG] [org.gradle.cache.internal.DefaultPersistentDirectoryStore] jars (E:\Mobilka\caches\jars-9) has last been fully cleaned up 0 hours ago
2025-02-16T19:26:48.614+0500 [DEBUG] [org.gradle.cache.internal.DefaultPersistentDirectoryStore] Artifact transforms cache (E:\Mobilka\caches\transforms-3) has last been fully cleaned up 0 hours ago
2025-02-16T19:26:48.639+0500 [DEBUG] [org.gradle.cache.internal.DefaultPersistentDirectoryStore] kotlin-dsl (E:\Mobilka\caches\8.2\kotlin-dsl) has last been fully cleaned up 0 hours ago
2025-02-16T19:26:49.947+0500 [DEBUG] [org.gradle.internal.watch.vfs.impl.WatchingVirtualFileSystem] Closing VFS, dropping state
2025-02-16T19:26:50.706+0500 [DEBUG] [org.gradle.internal.watch.registry.impl.DefaultFileWatcherRegistry] Finished listening to file system change events
2025-02-16T19:26:50.710+0500 [DEBUG] [org.gradle.cache.internal.DefaultPersistentDirectoryStore] artifact cache (E:\Mobilka\caches\modules-2) has last been fully cleaned up 0 hours ago
2025-02-16T19:26:51.203+0500 [DEBUG] [org.gradle.launcher.daemon.registry.PersistentDaemonRegistry] Removing daemon address: [429266b8-d40e-4c70-839d-10d5d989659c port:58408, addresses:[localhost/127.0.0.1]]
2025-02-16T19:26:51.207+0500 [DEBUG] [org.gradle.cache.internal.DefaultFileLockManager] Waiting to acquire exclusive lock on daemon addresses registry.
Daemon vm is shutting down... The daemon has exited normally or was terminated in response to a user interrupt.
2025-02-16T19:26:51.207+0500 [DEBUG] [org.gradle.cache.internal.DefaultFileLockManager] Lock acquired on daemon addresses registry.
2025-02-16T19:26:51.211+0500 [DEBUG] [org.gradle.cache.internal.DefaultFileLockManager] Releasing lock on daemon addresses registry.
