2025-02-22T02:59:38.319+0500 [DEBUG] [org.gradle.launcher.daemon.bootstrap.DaemonMain] Assuming the daemon was started with following jvm opts: [--add-opens=java.base/java.util=ALL-UNNAMED, --add-opens=java.base/java.lang=ALL-UNNAMED, --add-opens=java.base/java.lang.invoke=ALL-UNNAMED, --add-opens=java.prefs/java.util.prefs=ALL-UNNAMED, --add-opens=java.base/java.nio.charset=ALL-UNNAMED, --add-opens=java.base/java.net=ALL-UNNAMED, --add-opens=java.base/java.util.concurrent.atomic=ALL-UNNAMED, -Xmx2048m, -Dfile.encoding=UTF-8, -Duser.country=RU, -Duser.language=ru, -Duser.variant]
2025-02-22T02:59:38.705+0500 [DEBUG] [org.gradle.internal.nativeintegration.services.NativeServices] Native-platform posix files integration is not available. Continuing with fallback.
2025-02-22T02:59:38.739+0500 [INFO] [org.gradle.launcher.daemon.server.Daemon] start() called on daemon - DefaultDaemonContext[uid=5252e635-9a5e-4438-af03-d09f06633e15,javaHome=C:\Program Files\Android\Android Studio\jbr,daemonRegistryDir=E:\Mobilka\daemon,pid=8216,idleTimeout=10800000,priority=NORMAL,applyInstrumentationAgent=true,daemonOpts=--add-opens=java.base/java.util=ALL-UNNAMED,--add-opens=java.base/java.lang=ALL-UNNAMED,--add-opens=java.base/java.lang.invoke=ALL-UNNAMED,--add-opens=java.prefs/java.util.prefs=ALL-UNNAMED,--add-opens=java.base/java.nio.charset=ALL-UNNAMED,--add-opens=java.base/java.net=ALL-UNNAMED,--add-opens=java.base/java.util.concurrent.atomic=ALL-UNNAMED,-Xmx2048m,-Dfile.encoding=UTF-8,-Duser.country=RU,-Duser.language=ru,-Duser.variant]
2025-02-22T02:59:38.959+0500 [DEBUG] [org.gradle.internal.remote.internal.inet.InetAddresses] Adding IP addresses for network interface Software Loopback Interface 1
2025-02-22T02:59:38.962+0500 [DEBUG] [org.gradle.internal.remote.internal.inet.InetAddresses] Is this a loopback interface? true
2025-02-22T02:59:38.963+0500 [DEBUG] [org.gradle.internal.remote.internal.inet.InetAddresses] Adding loopback address /127.0.0.1
2025-02-22T02:59:38.963+0500 [DEBUG] [org.gradle.internal.remote.internal.inet.InetAddresses] Adding loopback address /0:0:0:0:0:0:0:1
2025-02-22T02:59:38.965+0500 [DEBUG] [org.gradle.internal.remote.internal.inet.InetAddresses] Adding IP addresses for network interface Microsoft 6to4 Adapter
2025-02-22T02:59:38.982+0500 [DEBUG] [org.gradle.internal.remote.internal.inet.InetAddresses] Is this a loopback interface? false
2025-02-22T02:59:38.982+0500 [DEBUG] [org.gradle.internal.remote.internal.inet.InetAddresses] Adding IP addresses for network interface Realtek PCIe GbE Family Controller
2025-02-22T02:59:38.989+0500 [DEBUG] [org.gradle.internal.remote.internal.inet.InetAddresses] Is this a loopback interface? false
2025-02-22T02:59:38.990+0500 [DEBUG] [org.gradle.internal.remote.internal.inet.InetAddresses] Adding remote address /fe80:0:0:0:34bf:858d:77c2:b088%eth0
2025-02-22T02:59:38.991+0500 [DEBUG] [org.gradle.internal.remote.internal.inet.InetAddresses] Adding IP addresses for network interface Microsoft Wi-Fi Direct Virtual Adapter
2025-02-22T02:59:38.997+0500 [DEBUG] [org.gradle.internal.remote.internal.inet.InetAddresses] Is this a loopback interface? false
2025-02-22T02:59:38.998+0500 [DEBUG] [org.gradle.internal.remote.internal.inet.InetAddresses] Adding IP addresses for network interface WAN Miniport (L2TP)
2025-02-22T02:59:39.005+0500 [DEBUG] [org.gradle.internal.remote.internal.inet.InetAddresses] Is this a loopback interface? false
2025-02-22T02:59:39.006+0500 [DEBUG] [org.gradle.internal.remote.internal.inet.InetAddresses] Adding IP addresses for network interface Microsoft Wi-Fi Direct Virtual Adapter #4
2025-02-22T02:59:39.030+0500 [DEBUG] [org.gradle.internal.remote.internal.inet.InetAddresses] Is this a loopback interface? false
2025-02-22T02:59:39.031+0500 [DEBUG] [org.gradle.internal.remote.internal.inet.InetAddresses] Adding remote address /fe80:0:0:0:e39f:407:8da5:2827%wlan1
2025-02-22T02:59:39.031+0500 [DEBUG] [org.gradle.internal.remote.internal.inet.InetAddresses] Adding IP addresses for network interface Microsoft Wi-Fi Direct Virtual Adapter #2
2025-02-22T02:59:39.038+0500 [DEBUG] [org.gradle.internal.remote.internal.inet.InetAddresses] Is this a loopback interface? false
2025-02-22T02:59:39.038+0500 [DEBUG] [org.gradle.internal.remote.internal.inet.InetAddresses] Adding IP addresses for network interface Microsoft IP-HTTPS Platform Adapter
2025-02-22T02:59:39.043+0500 [DEBUG] [org.gradle.internal.remote.internal.inet.InetAddresses] Is this a loopback interface? false
2025-02-22T02:59:39.043+0500 [DEBUG] [org.gradle.internal.remote.internal.inet.InetAddresses] Adding IP addresses for network interface 802.11n USB Wireless LAN Card #2
2025-02-22T02:59:39.047+0500 [DEBUG] [org.gradle.internal.remote.internal.inet.InetAddresses] Is this a loopback interface? false
2025-02-22T02:59:39.048+0500 [DEBUG] [org.gradle.internal.remote.internal.inet.InetAddresses] Adding IP addresses for network interface WAN Miniport (IKEv2)
2025-02-22T02:59:39.077+0500 [DEBUG] [org.gradle.internal.remote.internal.inet.InetAddresses] Is this a loopback interface? false
2025-02-22T02:59:39.078+0500 [DEBUG] [org.gradle.internal.remote.internal.inet.InetAddresses] Adding IP addresses for network interface RAS Async Adapter
2025-02-22T02:59:39.082+0500 [DEBUG] [org.gradle.internal.remote.internal.inet.InetAddresses] Is this a loopback interface? false
2025-02-22T02:59:39.083+0500 [DEBUG] [org.gradle.internal.remote.internal.inet.InetAddresses] Adding IP addresses for network interface WAN Miniport (Network Monitor)
2025-02-22T02:59:39.088+0500 [DEBUG] [org.gradle.internal.remote.internal.inet.InetAddresses] Is this a loopback interface? false
2025-02-22T02:59:39.088+0500 [DEBUG] [org.gradle.internal.remote.internal.inet.InetAddresses] Adding IP addresses for network interface 802.11n USB Wireless LAN Card
2025-02-22T02:59:39.092+0500 [DEBUG] [org.gradle.internal.remote.internal.inet.InetAddresses] Is this a loopback interface? false
2025-02-22T02:59:39.093+0500 [DEBUG] [org.gradle.internal.remote.internal.inet.InetAddresses] Adding remote address /192.168.0.43
2025-02-22T02:59:39.093+0500 [DEBUG] [org.gradle.internal.remote.internal.inet.InetAddresses] Adding remote address /fe80:0:0:0:3a48:c5d4:8b42:2ae9%wlan4
2025-02-22T02:59:39.093+0500 [DEBUG] [org.gradle.internal.remote.internal.inet.InetAddresses] Adding IP addresses for network interface WAN Miniport (IPv6)
2025-02-22T02:59:39.097+0500 [DEBUG] [org.gradle.internal.remote.internal.inet.InetAddresses] Is this a loopback interface? false
2025-02-22T02:59:39.098+0500 [DEBUG] [org.gradle.internal.remote.internal.inet.InetAddresses] Adding IP addresses for network interface WAN Miniport (PPTP)
2025-02-22T02:59:39.102+0500 [DEBUG] [org.gradle.internal.remote.internal.inet.InetAddresses] Is this a loopback interface? false
2025-02-22T02:59:39.102+0500 [DEBUG] [org.gradle.internal.remote.internal.inet.InetAddresses] Adding IP addresses for network interface Microsoft Teredo Tunneling Adapter
2025-02-22T02:59:39.107+0500 [DEBUG] [org.gradle.internal.remote.internal.inet.InetAddresses] Is this a loopback interface? false
2025-02-22T02:59:39.107+0500 [DEBUG] [org.gradle.internal.remote.internal.inet.InetAddresses] Adding remote address /2001:0:284a:364:8f:2b2b:b2b0:5546
2025-02-22T02:59:39.108+0500 [DEBUG] [org.gradle.internal.remote.internal.inet.InetAddresses] Adding remote address /fe80:0:0:0:8f:2b2b:b2b0:5546%net5
2025-02-22T02:59:39.108+0500 [DEBUG] [org.gradle.internal.remote.internal.inet.InetAddresses] Adding IP addresses for network interface Microsoft Kernel Debug Network Adapter
2025-02-22T02:59:39.114+0500 [DEBUG] [org.gradle.internal.remote.internal.inet.InetAddresses] Is this a loopback interface? false
2025-02-22T02:59:39.114+0500 [DEBUG] [org.gradle.internal.remote.internal.inet.InetAddresses] Adding IP addresses for network interface Microsoft Wi-Fi Direct Virtual Adapter #3
2025-02-22T02:59:39.118+0500 [DEBUG] [org.gradle.internal.remote.internal.inet.InetAddresses] Is this a loopback interface? false
2025-02-22T02:59:39.118+0500 [DEBUG] [org.gradle.internal.remote.internal.inet.InetAddresses] Adding remote address /fe80:0:0:0:a29b:5f05:92c5:106e%wlan5
2025-02-22T02:59:39.119+0500 [DEBUG] [org.gradle.internal.remote.internal.inet.InetAddresses] Adding IP addresses for network interface WAN Miniport (IP)
2025-02-22T02:59:39.123+0500 [DEBUG] [org.gradle.internal.remote.internal.inet.InetAddresses] Is this a loopback interface? false
2025-02-22T02:59:39.123+0500 [DEBUG] [org.gradle.internal.remote.internal.inet.InetAddresses] Adding IP addresses for network interface Bluetooth Device (Personal Area Network)
2025-02-22T02:59:39.131+0500 [DEBUG] [org.gradle.internal.remote.internal.inet.InetAddresses] Is this a loopback interface? false
2025-02-22T02:59:39.132+0500 [DEBUG] [org.gradle.internal.remote.internal.inet.InetAddresses] Adding IP addresses for network interface Famatech Radmin VPN Ethernet Adapter
2025-02-22T02:59:39.138+0500 [DEBUG] [org.gradle.internal.remote.internal.inet.InetAddresses] Is this a loopback interface? false
2025-02-22T02:59:39.139+0500 [DEBUG] [org.gradle.internal.remote.internal.inet.InetAddresses] Adding remote address /26.172.143.241
2025-02-22T02:59:39.139+0500 [DEBUG] [org.gradle.internal.remote.internal.inet.InetAddresses] Adding remote address /fdfd:0:0:0:0:0:1aac:8ff1
2025-02-22T02:59:39.140+0500 [DEBUG] [org.gradle.internal.remote.internal.inet.InetAddresses] Adding remote address /fe80:0:0:0:d0a2:f9cd:8131:d116%eth6
2025-02-22T02:59:39.140+0500 [DEBUG] [org.gradle.internal.remote.internal.inet.InetAddresses] Adding IP addresses for network interface WAN Miniport (PPPOE)
2025-02-22T02:59:39.147+0500 [DEBUG] [org.gradle.internal.remote.internal.inet.InetAddresses] Is this a loopback interface? false
2025-02-22T02:59:39.147+0500 [DEBUG] [org.gradle.internal.remote.internal.inet.InetAddresses] Adding IP addresses for network interface WAN Miniport (SSTP)
2025-02-22T02:59:39.154+0500 [DEBUG] [org.gradle.internal.remote.internal.inet.InetAddresses] Is this a loopback interface? false
2025-02-22T02:59:39.154+0500 [DEBUG] [org.gradle.internal.remote.internal.inet.InetAddresses] Adding IP addresses for network interface Famatech Radmin VPN Ethernet Adapter-WFP Native MAC Layer LightWeight Filter-0000
2025-02-22T02:59:39.160+0500 [DEBUG] [org.gradle.internal.remote.internal.inet.InetAddresses] Is this a loopback interface? false
2025-02-22T02:59:39.160+0500 [DEBUG] [org.gradle.internal.remote.internal.inet.InetAddresses] Adding IP addresses for network interface Famatech Radmin VPN Ethernet Adapter-QoS Packet Scheduler-0000
2025-02-22T02:59:39.164+0500 [DEBUG] [org.gradle.internal.remote.internal.inet.InetAddresses] Is this a loopback interface? false
2025-02-22T02:59:39.165+0500 [DEBUG] [org.gradle.internal.remote.internal.inet.InetAddresses] Adding IP addresses for network interface Famatech Radmin VPN Ethernet Adapter-WFP 802.3 MAC Layer LightWeight Filter-0000
2025-02-22T02:59:39.169+0500 [DEBUG] [org.gradle.internal.remote.internal.inet.InetAddresses] Is this a loopback interface? false
2025-02-22T02:59:39.169+0500 [DEBUG] [org.gradle.internal.remote.internal.inet.InetAddresses] Adding IP addresses for network interface Realtek PCIe GbE Family Controller-WFP Native MAC Layer LightWeight Filter-0000
2025-02-22T02:59:39.173+0500 [DEBUG] [org.gradle.internal.remote.internal.inet.InetAddresses] Is this a loopback interface? false
2025-02-22T02:59:39.174+0500 [DEBUG] [org.gradle.internal.remote.internal.inet.InetAddresses] Adding IP addresses for network interface Realtek PCIe GbE Family Controller-QoS Packet Scheduler-0000
2025-02-22T02:59:39.178+0500 [DEBUG] [org.gradle.internal.remote.internal.inet.InetAddresses] Is this a loopback interface? false
2025-02-22T02:59:39.179+0500 [DEBUG] [org.gradle.internal.remote.internal.inet.InetAddresses] Adding IP addresses for network interface Realtek PCIe GbE Family Controller-WFP 802.3 MAC Layer LightWeight Filter-0000
2025-02-22T02:59:39.185+0500 [DEBUG] [org.gradle.internal.remote.internal.inet.InetAddresses] Is this a loopback interface? false
2025-02-22T02:59:39.186+0500 [DEBUG] [org.gradle.internal.remote.internal.inet.InetAddresses] Adding IP addresses for network interface 802.11n USB Wireless LAN Card-WFP Native MAC Layer LightWeight Filter-0000
2025-02-22T02:59:39.191+0500 [DEBUG] [org.gradle.internal.remote.internal.inet.InetAddresses] Is this a loopback interface? false
2025-02-22T02:59:39.191+0500 [DEBUG] [org.gradle.internal.remote.internal.inet.InetAddresses] Adding IP addresses for network interface 802.11n USB Wireless LAN Card-Virtual WiFi Filter Driver-0000
2025-02-22T02:59:39.195+0500 [DEBUG] [org.gradle.internal.remote.internal.inet.InetAddresses] Is this a loopback interface? false
2025-02-22T02:59:39.196+0500 [DEBUG] [org.gradle.internal.remote.internal.inet.InetAddresses] Adding IP addresses for network interface 802.11n USB Wireless LAN Card-Native WiFi Filter Driver-0000
2025-02-22T02:59:39.200+0500 [DEBUG] [org.gradle.internal.remote.internal.inet.InetAddresses] Is this a loopback interface? false
2025-02-22T02:59:39.200+0500 [DEBUG] [org.gradle.internal.remote.internal.inet.InetAddresses] Adding IP addresses for network interface 802.11n USB Wireless LAN Card-QoS Packet Scheduler-0000
2025-02-22T02:59:39.207+0500 [DEBUG] [org.gradle.internal.remote.internal.inet.InetAddresses] Is this a loopback interface? false
2025-02-22T02:59:39.208+0500 [DEBUG] [org.gradle.internal.remote.internal.inet.InetAddresses] Adding IP addresses for network interface 802.11n USB Wireless LAN Card-WFP 802.3 MAC Layer LightWeight Filter-0000
2025-02-22T02:59:39.215+0500 [DEBUG] [org.gradle.internal.remote.internal.inet.InetAddresses] Is this a loopback interface? false
2025-02-22T02:59:39.215+0500 [DEBUG] [org.gradle.internal.remote.internal.inet.InetAddresses] Adding IP addresses for network interface Microsoft Wi-Fi Direct Virtual Adapter #3-WFP Native MAC Layer LightWeight Filter-0000
2025-02-22T02:59:39.220+0500 [DEBUG] [org.gradle.internal.remote.internal.inet.InetAddresses] Is this a loopback interface? false
2025-02-22T02:59:39.221+0500 [DEBUG] [org.gradle.internal.remote.internal.inet.InetAddresses] Adding IP addresses for network interface Microsoft Wi-Fi Direct Virtual Adapter #3-Native WiFi Filter Driver-0000
2025-02-22T02:59:39.225+0500 [DEBUG] [org.gradle.internal.remote.internal.inet.InetAddresses] Is this a loopback interface? false
2025-02-22T02:59:39.225+0500 [DEBUG] [org.gradle.internal.remote.internal.inet.InetAddresses] Adding IP addresses for network interface Microsoft Wi-Fi Direct Virtual Adapter #3-QoS Packet Scheduler-0000
2025-02-22T02:59:39.229+0500 [DEBUG] [org.gradle.internal.remote.internal.inet.InetAddresses] Is this a loopback interface? false
2025-02-22T02:59:39.230+0500 [DEBUG] [org.gradle.internal.remote.internal.inet.InetAddresses] Adding IP addresses for network interface Microsoft Wi-Fi Direct Virtual Adapter #3-WFP 802.3 MAC Layer LightWeight Filter-0000
2025-02-22T02:59:39.235+0500 [DEBUG] [org.gradle.internal.remote.internal.inet.InetAddresses] Is this a loopback interface? false
2025-02-22T02:59:39.235+0500 [DEBUG] [org.gradle.internal.remote.internal.inet.InetAddresses] Adding IP addresses for network interface WAN Miniport (IP)-WFP Native MAC Layer LightWeight Filter-0000
2025-02-22T02:59:39.239+0500 [DEBUG] [org.gradle.internal.remote.internal.inet.InetAddresses] Is this a loopback interface? false
2025-02-22T02:59:39.239+0500 [DEBUG] [org.gradle.internal.remote.internal.inet.InetAddresses] Adding IP addresses for network interface WAN Miniport (IP)-QoS Packet Scheduler-0000
2025-02-22T02:59:39.244+0500 [DEBUG] [org.gradle.internal.remote.internal.inet.InetAddresses] Is this a loopback interface? false
2025-02-22T02:59:39.244+0500 [DEBUG] [org.gradle.internal.remote.internal.inet.InetAddresses] Adding IP addresses for network interface WAN Miniport (IPv6)-WFP Native MAC Layer LightWeight Filter-0000
2025-02-22T02:59:39.251+0500 [DEBUG] [org.gradle.internal.remote.internal.inet.InetAddresses] Is this a loopback interface? false
2025-02-22T02:59:39.251+0500 [DEBUG] [org.gradle.internal.remote.internal.inet.InetAddresses] Adding IP addresses for network interface WAN Miniport (IPv6)-QoS Packet Scheduler-0000
2025-02-22T02:59:39.258+0500 [DEBUG] [org.gradle.internal.remote.internal.inet.InetAddresses] Is this a loopback interface? false
2025-02-22T02:59:39.258+0500 [DEBUG] [org.gradle.internal.remote.internal.inet.InetAddresses] Adding IP addresses for network interface WAN Miniport (Network Monitor)-WFP Native MAC Layer LightWeight Filter-0000
2025-02-22T02:59:39.266+0500 [DEBUG] [org.gradle.internal.remote.internal.inet.InetAddresses] Is this a loopback interface? false
2025-02-22T02:59:39.267+0500 [DEBUG] [org.gradle.internal.remote.internal.inet.InetAddresses] Adding IP addresses for network interface WAN Miniport (Network Monitor)-QoS Packet Scheduler-0000
2025-02-22T02:59:39.273+0500 [DEBUG] [org.gradle.internal.remote.internal.inet.InetAddresses] Is this a loopback interface? false
2025-02-22T02:59:39.274+0500 [DEBUG] [org.gradle.internal.remote.internal.inet.InetAddresses] Adding IP addresses for network interface Microsoft Wi-Fi Direct Virtual Adapter #4-WFP Native MAC Layer LightWeight Filter-0000
2025-02-22T02:59:39.280+0500 [DEBUG] [org.gradle.internal.remote.internal.inet.InetAddresses] Is this a loopback interface? false
2025-02-22T02:59:39.280+0500 [DEBUG] [org.gradle.internal.remote.internal.inet.InetAddresses] Adding IP addresses for network interface Microsoft Wi-Fi Direct Virtual Adapter #4-Native WiFi Filter Driver-0000
2025-02-22T02:59:39.284+0500 [DEBUG] [org.gradle.internal.remote.internal.inet.InetAddresses] Is this a loopback interface? false
2025-02-22T02:59:39.284+0500 [DEBUG] [org.gradle.internal.remote.internal.inet.InetAddresses] Adding IP addresses for network interface Microsoft Wi-Fi Direct Virtual Adapter #4-QoS Packet Scheduler-0000
2025-02-22T02:59:39.314+0500 [DEBUG] [org.gradle.internal.remote.internal.inet.InetAddresses] Is this a loopback interface? false
2025-02-22T02:59:39.315+0500 [DEBUG] [org.gradle.internal.remote.internal.inet.InetAddresses] Adding IP addresses for network interface Microsoft Wi-Fi Direct Virtual Adapter #4-WFP 802.3 MAC Layer LightWeight Filter-0000
2025-02-22T02:59:39.321+0500 [DEBUG] [org.gradle.internal.remote.internal.inet.InetAddresses] Is this a loopback interface? false
2025-02-22T02:59:39.338+0500 [DEBUG] [org.gradle.internal.remote.internal.inet.TcpIncomingConnector] Listening on [2f1db357-e43a-4281-a129-2ffff1fd866d port:54530, addresses:[localhost/127.0.0.1]].
2025-02-22T02:59:39.379+0500 [DEBUG] [org.gradle.launcher.daemon.server.Daemon] Daemon starting at: Sat Feb 22 02:59:39 YEKT 2025, with address: [2f1db357-e43a-4281-a129-2ffff1fd866d port:54530, addresses:[localhost/127.0.0.1]]
2025-02-22T02:59:39.379+0500 [INFO] [org.gradle.launcher.daemon.server.DaemonRegistryUpdater] Advertising the daemon address to the clients: [2f1db357-e43a-4281-a129-2ffff1fd866d port:54530, addresses:[localhost/127.0.0.1]]
2025-02-22T02:59:39.380+0500 [DEBUG] [org.gradle.launcher.daemon.server.DaemonRegistryUpdater] Advertised daemon context: DefaultDaemonContext[uid=5252e635-9a5e-4438-af03-d09f06633e15,javaHome=C:\Program Files\Android\Android Studio\jbr,daemonRegistryDir=E:\Mobilka\daemon,pid=8216,idleTimeout=10800000,priority=NORMAL,applyInstrumentationAgent=true,daemonOpts=--add-opens=java.base/java.util=ALL-UNNAMED,--add-opens=java.base/java.lang=ALL-UNNAMED,--add-opens=java.base/java.lang.invoke=ALL-UNNAMED,--add-opens=java.prefs/java.util.prefs=ALL-UNNAMED,--add-opens=java.base/java.nio.charset=ALL-UNNAMED,--add-opens=java.base/java.net=ALL-UNNAMED,--add-opens=java.base/java.util.concurrent.atomic=ALL-UNNAMED,-Xmx2048m,-Dfile.encoding=UTF-8,-Duser.country=RU,-Duser.language=ru,-Duser.variant]
2025-02-22T02:59:39.381+0500 [DEBUG] [org.gradle.launcher.daemon.registry.PersistentDaemonRegistry] Storing daemon address: [2f1db357-e43a-4281-a129-2ffff1fd866d port:54530, addresses:[localhost/127.0.0.1]], context: DefaultDaemonContext[uid=5252e635-9a5e-4438-af03-d09f06633e15,javaHome=C:\Program Files\Android\Android Studio\jbr,daemonRegistryDir=E:\Mobilka\daemon,pid=8216,idleTimeout=10800000,priority=NORMAL,applyInstrumentationAgent=true,daemonOpts=--add-opens=java.base/java.util=ALL-UNNAMED,--add-opens=java.base/java.lang=ALL-UNNAMED,--add-opens=java.base/java.lang.invoke=ALL-UNNAMED,--add-opens=java.prefs/java.util.prefs=ALL-UNNAMED,--add-opens=java.base/java.nio.charset=ALL-UNNAMED,--add-opens=java.base/java.net=ALL-UNNAMED,--add-opens=java.base/java.util.concurrent.atomic=ALL-UNNAMED,-Xmx2048m,-Dfile.encoding=UTF-8,-Duser.country=RU,-Duser.language=ru,-Duser.variant]
2025-02-22T02:59:39.400+0500 [DEBUG] [org.gradle.cache.internal.DefaultFileLockManager] Waiting to acquire exclusive lock on daemon addresses registry.
2025-02-22T02:59:39.407+0500 [DEBUG] [org.gradle.cache.internal.DefaultFileLockManager] Lock acquired on daemon addresses registry.
2025-02-22T02:59:39.423+0500 [DEBUG] [org.gradle.cache.internal.DefaultFileLockManager] Releasing lock on daemon addresses registry.
2025-02-22T02:59:39.424+0500 [LIFECYCLE] [org.gradle.launcher.daemon.server.Daemon] Daemon server started.
2025-02-22T02:59:39.426+0500 [DEBUG] [org.gradle.launcher.daemon.bootstrap.DaemonStartupCommunication] Completed writing the daemon greeting. Closing streams...
2025-02-22T02:59:39.439+0500 [DEBUG] [org.gradle.launcher.daemon.server.Daemon] stopOnExpiration() called on daemon
2025-02-22T02:59:39.440+0500 [DEBUG] [org.gradle.launcher.daemon.server.Daemon] awaitExpiration() called on daemon
2025-02-22T02:59:39.441+0500 [DEBUG] [org.gradle.launcher.daemon.server.DaemonStateCoordinator] daemon is running. Sleeping until state changes.
2025-02-22T02:59:39.465+0500 [DEBUG] [org.gradle.internal.remote.internal.inet.TcpIncomingConnector] Accepted connection from /127.0.0.1:54531 to /127.0.0.1:54530.
2025-02-22T02:59:39.737+0500 [DEBUG] [org.gradle.launcher.daemon.server.SynchronizedDispatchConnection] thread 22: received class org.gradle.launcher.daemon.protocol.Build
2025-02-22T02:59:39.737+0500 [DEBUG] [org.gradle.launcher.daemon.server.DefaultDaemonConnection] thread 22: Received non-IO message from client: Build{id=44e857bd-a0c4-42b1-9910-1e078d7d90a8, currentDir=E:\Mobilka}
2025-02-22T02:59:39.738+0500 [INFO] [org.gradle.launcher.daemon.server.DefaultIncomingConnectionHandler] Received command: Build{id=44e857bd-a0c4-42b1-9910-1e078d7d90a8, currentDir=E:\Mobilka}.
2025-02-22T02:59:39.739+0500 [DEBUG] [org.gradle.launcher.daemon.server.DefaultIncomingConnectionHandler] Starting executing command: Build{id=44e857bd-a0c4-42b1-9910-1e078d7d90a8, currentDir=E:\Mobilka} with connection: socket connection from /127.0.0.1:54530 to /127.0.0.1:54531.
2025-02-22T02:59:39.746+0500 [DEBUG] [org.gradle.launcher.daemon.server.DaemonStateCoordinator] Command execution: started DaemonCommandExecution[command = Build{id=44e857bd-a0c4-42b1-9910-1e078d7d90a8, currentDir=E:\Mobilka}, connection = DefaultDaemonConnection: socket connection from /127.0.0.1:54530 to /127.0.0.1:54531] after 0.0 minutes of idle
2025-02-22T02:59:39.746+0500 [INFO] [org.gradle.launcher.daemon.server.DaemonRegistryUpdater] Marking the daemon as busy, address: [2f1db357-e43a-4281-a129-2ffff1fd866d port:54530, addresses:[localhost/127.0.0.1]]
2025-02-22T02:59:39.747+0500 [DEBUG] [org.gradle.launcher.daemon.registry.PersistentDaemonRegistry] Marking busy by address: [2f1db357-e43a-4281-a129-2ffff1fd866d port:54530, addresses:[localhost/127.0.0.1]]
2025-02-22T02:59:39.749+0500 [DEBUG] [org.gradle.cache.internal.DefaultFileLockManager] Waiting to acquire exclusive lock on daemon addresses registry.
2025-02-22T02:59:39.750+0500 [DEBUG] [org.gradle.cache.internal.DefaultFileLockManager] Lock acquired on daemon addresses registry.
2025-02-22T02:59:39.780+0500 [DEBUG] [org.gradle.cache.internal.DefaultFileLockManager] Releasing lock on daemon addresses registry.
2025-02-22T02:59:39.781+0500 [DEBUG] [org.gradle.launcher.daemon.server.DaemonStateCoordinator] resetting idle timer
2025-02-22T02:59:39.782+0500 [DEBUG] [org.gradle.launcher.daemon.server.DaemonStateCoordinator] daemon is running. Sleeping until state changes.
2025-02-22T02:59:39.783+0500 [INFO] [org.gradle.launcher.daemon.server.exec.StartBuildOrRespondWithBusy] Daemon is about to start building Build{id=44e857bd-a0c4-42b1-9910-1e078d7d90a8, currentDir=E:\Mobilka}. Dispatching build started information...
2025-02-22T02:59:39.784+0500 [DEBUG] [org.gradle.launcher.daemon.server.SynchronizedDispatchConnection] thread 24: dispatching org.gradle.launcher.daemon.protocol.BuildStarted@5e8d13aa
2025-02-22T02:59:39.787+0500 [DEBUG] [org.gradle.launcher.daemon.server.exec.EstablishBuildEnvironment] Configuring env variables: [USERDOMAIN_ROAMINGPROFILE, LOCALAPPDATA, PROCESSOR_LEVEL, USERDOMAIN, LOGONSERVER, FPS_BROWSER_APP_PROFILE_STRING, SESSIONNAME, ALLUSERSPROFILE, PROCESSOR_ARCHITECTURE, PSModulePath, SystemDrive, OneDrive, APPDATA, USERNAME, ProgramFiles(x86), CommonProgramFiles, Path, FPS_BROWSER_USER_PROFILE_STRING, PATHEXT, DriverData, OS, COMPUTERNAME, PROCESSOR_REVISION, CommonProgramW6432, ComSpec, ProgramData, ProgramW6432, TEMP, HOMEPATH, SystemRoot, PROCESSOR_IDENTIFIER, HOMEDRIVE, USERPROFILE, TMP, CommonProgramFiles(x86), ProgramFiles, PUBLIC, windir, NUMBER_OF_PROCESSORS, =::, IDEA_INITIAL_DIRECTORY]
2025-02-22T02:59:39.789+0500 [DEBUG] [org.gradle.launcher.daemon.server.SynchronizedDispatchConnection] thread 22: received class org.gradle.launcher.daemon.protocol.CloseInput
2025-02-22T02:59:39.790+0500 [DEBUG] [org.gradle.launcher.daemon.server.DefaultDaemonConnection] thread 22: Received IO message from client: org.gradle.launcher.daemon.protocol.CloseInput@32d5d743
2025-02-22T02:59:39.798+0500 [DEBUG] [org.gradle.launcher.daemon.server.exec.LogToClient] About to start relaying all logs to the client via the connection.
2025-02-22T02:59:39.798+0500 [INFO] [org.gradle.launcher.daemon.server.exec.LogToClient] The client will now receive all logging from the daemon (pid: 8216). The daemon log file: E:\Mobilka\daemon\8.2\daemon-8216.out.log
2025-02-22T02:59:39.803+0500 [INFO] [org.gradle.launcher.daemon.server.exec.LogAndCheckHealth] Starting build in new daemon [memory: 2 GiB]
2025-02-22T02:59:39.805+0500 [INFO] [org.gradle.launcher.daemon.server.exec.ForwardClientInput] Closing daemon's stdin at end of input.
2025-02-22T02:59:39.805+0500 [INFO] [org.gradle.launcher.daemon.server.exec.ForwardClientInput] The daemon will no longer process any standard input.
2025-02-22T02:59:39.821+0500 [DEBUG] [org.gradle.launcher.daemon.server.exec.ExecuteBuild] The daemon has started executing the build.
2025-02-22T02:59:39.822+0500 [DEBUG] [org.gradle.launcher.daemon.server.exec.ExecuteBuild] Executing build with daemon context: DefaultDaemonContext[uid=5252e635-9a5e-4438-af03-d09f06633e15,javaHome=C:\Program Files\Android\Android Studio\jbr,daemonRegistryDir=E:\Mobilka\daemon,pid=8216,idleTimeout=10800000,priority=NORMAL,applyInstrumentationAgent=true,daemonOpts=--add-opens=java.base/java.util=ALL-UNNAMED,--add-opens=java.base/java.lang=ALL-UNNAMED,--add-opens=java.base/java.lang.invoke=ALL-UNNAMED,--add-opens=java.prefs/java.util.prefs=ALL-UNNAMED,--add-opens=java.base/java.nio.charset=ALL-UNNAMED,--add-opens=java.base/java.net=ALL-UNNAMED,--add-opens=java.base/java.util.concurrent.atomic=ALL-UNNAMED,-Xmx2048m,-Dfile.encoding=UTF-8,-Duser.country=RU,-Duser.language=ru,-Duser.variant]

Deprecated Gradle features were used in this build, making it incompatible with Gradle 9.0.

You can use '--warning-mode all' to show the individual deprecation warnings and determine if they come from your own scripts or plugins.

For more on this, please refer to https://docs.gradle.org/8.2/userguide/command_line_interface.html#sec:command_line_warnings in the Gradle documentation.

BUILD SUCCESSFUL in 1m 27s
2025-02-22T03:00:48.065+0500 [DEBUG] [org.gradle.launcher.daemon.server.exec.ExecuteBuild] The daemon has finished executing the build.
2025-02-22T03:00:48.083+0500 [DEBUG] [org.gradle.launcher.daemon.server.DaemonStateCoordinator] daemon is running. Sleeping until state changes.
2025-02-22T03:00:48.084+0500 [DEBUG] [org.gradle.launcher.daemon.server.DaemonStateCoordinator] Command execution: finished waiting for DaemonCommandExecution[command = Build{id=44e857bd-a0c4-42b1-9910-1e078d7d90a8, currentDir=E:\Mobilka}, connection = DefaultDaemonConnection: socket connection from /127.0.0.1:54530 to /127.0.0.1:54531]. Result org.gradle.launcher.daemon.server.DaemonStateCoordinator@1b97ab3c with state Busy
2025-02-22T03:00:48.084+0500 [DEBUG] [org.gradle.launcher.daemon.server.DaemonStateCoordinator] Command execution: completed DaemonCommandExecution[command = Build{id=44e857bd-a0c4-42b1-9910-1e078d7d90a8, currentDir=E:\Mobilka}, connection = DefaultDaemonConnection: socket connection from /127.0.0.1:54530 to /127.0.0.1:54531]
2025-02-22T03:00:48.084+0500 [DEBUG] [org.gradle.launcher.daemon.server.DaemonStateCoordinator] resetting idle timer
2025-02-22T03:00:48.085+0500 [INFO] [org.gradle.launcher.daemon.server.DaemonRegistryUpdater] Marking the daemon as idle, address: [2f1db357-e43a-4281-a129-2ffff1fd866d port:54530, addresses:[localhost/127.0.0.1]]
2025-02-22T03:00:48.085+0500 [DEBUG] [org.gradle.launcher.daemon.registry.PersistentDaemonRegistry] Marking busy by address: [2f1db357-e43a-4281-a129-2ffff1fd866d port:54530, addresses:[localhost/127.0.0.1]]
2025-02-22T03:00:48.086+0500 [DEBUG] [org.gradle.cache.internal.DefaultFileLockManager] Waiting to acquire exclusive lock on daemon addresses registry.
2025-02-22T03:00:48.087+0500 [DEBUG] [org.gradle.cache.internal.DefaultFileLockManager] Lock acquired on daemon addresses registry.
2025-02-22T03:00:48.100+0500 [DEBUG] [org.gradle.cache.internal.DefaultFileLockManager] Releasing lock on daemon addresses registry.
2025-02-22T03:00:48.100+0500 [DEBUG] [org.gradle.launcher.daemon.server.DaemonStateCoordinator] daemon is running. Sleeping until state changes.
2025-02-22T03:00:48.101+0500 [DEBUG] [org.gradle.launcher.daemon.server.exec.ReturnResult] Daemon is dispatching the build result: Success[value=org.gradle.launcher.exec.BuildActionResult@4f57accc]
2025-02-22T03:00:48.101+0500 [DEBUG] [org.gradle.launcher.daemon.server.SynchronizedDispatchConnection] thread 21: dispatching Success[value=org.gradle.launcher.exec.BuildActionResult@4f57accc]
2025-02-22T03:00:48.103+0500 [DEBUG] [org.gradle.launcher.daemon.server.DefaultIncomingConnectionHandler] Finishing executing command: Build{id=44e857bd-a0c4-42b1-9910-1e078d7d90a8, currentDir=E:\Mobilka}
2025-02-22T03:00:48.230+0500 [DEBUG] [org.gradle.launcher.daemon.server.SynchronizedDispatchConnection] thread 22: received class org.gradle.launcher.daemon.protocol.Finished
2025-02-22T03:00:48.230+0500 [DEBUG] [org.gradle.launcher.daemon.server.DefaultDaemonConnection] thread 22: Received non-IO message from client: org.gradle.launcher.daemon.protocol.Finished@6efda88d
2025-02-22T03:00:48.230+0500 [DEBUG] [org.gradle.launcher.daemon.server.DefaultIncomingConnectionHandler] Received finished message: org.gradle.launcher.daemon.protocol.Finished@6efda88d
2025-02-22T03:00:48.231+0500 [DEBUG] [org.gradle.launcher.daemon.server.SynchronizedDispatchConnection] thread 21: stopping connection
2025-02-22T03:00:48.232+0500 [DEBUG] [org.gradle.internal.remote.internal.inet.SocketConnection] Discarding EOFException: java.io.EOFException
2025-02-22T03:00:48.233+0500 [DEBUG] [org.gradle.launcher.daemon.server.SynchronizedDispatchConnection] thread 22: received null
2025-02-22T03:00:48.233+0500 [DEBUG] [org.gradle.launcher.daemon.server.DefaultDaemonConnection] thread 22: Received end-of-input from client.
2025-02-22T03:00:48.233+0500 [DEBUG] [org.gradle.launcher.daemon.server.SynchronizedDispatchConnection] thread 21: stopping connection
2025-02-22T03:00:48.238+0500 [DEBUG] [org.gradle.process.internal.health.memory.DefaultMemoryManager] 421136793 memory requested, 288980992 free
2025-02-22T03:00:48.239+0500 [DEBUG] [org.gradle.workers.internal.WorkerDaemonExpiration] Will attempt to release 401 of memory
2025-02-22T03:00:48.239+0500 [DEBUG] [org.gradle.process.internal.health.memory.DefaultMemoryManager] 421136793 memory requested, 0 released, 288980992 free
2025-02-22T03:00:49.445+0500 [DEBUG] [org.gradle.cache.internal.DefaultFileLockManager] Waiting to acquire shared lock on daemon addresses registry.
2025-02-22T03:00:49.446+0500 [DEBUG] [org.gradle.cache.internal.DefaultFileLockManager] Lock acquired on daemon addresses registry.
2025-02-22T03:00:49.447+0500 [DEBUG] [org.gradle.cache.internal.DefaultFileLockManager] Releasing lock on daemon addresses registry.
2025-02-22T03:00:49.450+0500 [DEBUG] [org.gradle.cache.internal.DefaultFileLockManager] Waiting to acquire shared lock on daemon addresses registry.
2025-02-22T03:00:49.450+0500 [DEBUG] [org.gradle.cache.internal.DefaultFileLockManager] Lock acquired on daemon addresses registry.
2025-02-22T03:00:49.451+0500 [DEBUG] [org.gradle.cache.internal.DefaultFileLockManager] Releasing lock on daemon addresses registry.
2025-02-22T03:00:53.245+0500 [DEBUG] [org.gradle.process.internal.health.memory.DefaultMemoryManager] 421136793 memory requested, 272990208 free
2025-02-22T03:00:53.245+0500 [DEBUG] [org.gradle.workers.internal.WorkerDaemonExpiration] Will attempt to release 401 of memory
2025-02-22T03:00:53.246+0500 [DEBUG] [org.gradle.process.internal.health.memory.DefaultMemoryManager] 421136793 memory requested, 0 released, 272990208 free
2025-02-22T03:00:58.241+0500 [DEBUG] [org.gradle.process.internal.health.memory.DefaultMemoryManager] 421136793 memory requested, 343109632 free
2025-02-22T03:00:58.242+0500 [DEBUG] [org.gradle.workers.internal.WorkerDaemonExpiration] Will attempt to release 401 of memory
2025-02-22T03:00:58.242+0500 [DEBUG] [org.gradle.process.internal.health.memory.DefaultMemoryManager] 421136793 memory requested, 0 released, 343109632 free
2025-02-22T03:00:59.453+0500 [DEBUG] [org.gradle.cache.internal.DefaultFileLockManager] Waiting to acquire shared lock on daemon addresses registry.
2025-02-22T03:00:59.454+0500 [DEBUG] [org.gradle.cache.internal.DefaultFileLockManager] Lock acquired on daemon addresses registry.
2025-02-22T03:00:59.496+0500 [DEBUG] [org.gradle.cache.internal.DefaultFileLockManager] Releasing lock on daemon addresses registry.
2025-02-22T03:00:59.498+0500 [DEBUG] [org.gradle.cache.internal.DefaultFileLockManager] Waiting to acquire shared lock on daemon addresses registry.
2025-02-22T03:00:59.499+0500 [DEBUG] [org.gradle.cache.internal.DefaultFileLockManager] Lock acquired on daemon addresses registry.
2025-02-22T03:00:59.499+0500 [DEBUG] [org.gradle.cache.internal.DefaultFileLockManager] Releasing lock on daemon addresses registry.
2025-02-22T03:00:59.500+0500 [DEBUG] [org.gradle.cache.internal.DefaultFileLockManager] Waiting to acquire shared lock on daemon addresses registry.
2025-02-22T03:00:59.501+0500 [DEBUG] [org.gradle.cache.internal.DefaultFileLockManager] Lock acquired on daemon addresses registry.
2025-02-22T03:00:59.501+0500 [DEBUG] [org.gradle.cache.internal.DefaultFileLockManager] Releasing lock on daemon addresses registry.
2025-02-22T03:01:03.248+0500 [DEBUG] [org.gradle.process.internal.health.memory.DefaultMemoryManager] 421136793 memory requested, 307671040 free
2025-02-22T03:01:03.249+0500 [DEBUG] [org.gradle.workers.internal.WorkerDaemonExpiration] Will attempt to release 401 of memory
2025-02-22T03:01:03.249+0500 [DEBUG] [org.gradle.process.internal.health.memory.DefaultMemoryManager] 421136793 memory requested, 0 released, 307671040 free
2025-02-22T03:01:08.251+0500 [DEBUG] [org.gradle.process.internal.health.memory.DefaultMemoryManager] 421136793 memory requested, 286289920 free
2025-02-22T03:01:08.252+0500 [DEBUG] [org.gradle.workers.internal.WorkerDaemonExpiration] Will attempt to release 401 of memory
2025-02-22T03:01:08.252+0500 [DEBUG] [org.gradle.process.internal.health.memory.DefaultMemoryManager] 421136793 memory requested, 0 released, 286289920 free
2025-02-22T03:01:09.444+0500 [DEBUG] [org.gradle.cache.internal.DefaultFileLockManager] Waiting to acquire shared lock on daemon addresses registry.
2025-02-22T03:01:09.445+0500 [DEBUG] [org.gradle.cache.internal.DefaultFileLockManager] Lock acquired on daemon addresses registry.
2025-02-22T03:01:09.463+0500 [DEBUG] [org.gradle.cache.internal.DefaultFileLockManager] Releasing lock on daemon addresses registry.
2025-02-22T03:01:09.465+0500 [DEBUG] [org.gradle.cache.internal.DefaultFileLockManager] Waiting to acquire shared lock on daemon addresses registry.
2025-02-22T03:01:09.465+0500 [DEBUG] [org.gradle.cache.internal.DefaultFileLockManager] Lock acquired on daemon addresses registry.
2025-02-22T03:01:09.465+0500 [DEBUG] [org.gradle.cache.internal.DefaultFileLockManager] Releasing lock on daemon addresses registry.
2025-02-22T03:01:09.468+0500 [DEBUG] [org.gradle.cache.internal.DefaultFileLockManager] Waiting to acquire shared lock on daemon addresses registry.
2025-02-22T03:01:09.469+0500 [DEBUG] [org.gradle.cache.internal.DefaultFileLockManager] Lock acquired on daemon addresses registry.
2025-02-22T03:01:09.469+0500 [DEBUG] [org.gradle.cache.internal.DefaultFileLockManager] Releasing lock on daemon addresses registry.
2025-02-22T03:01:13.353+0500 [DEBUG] [org.gradle.process.internal.health.memory.DefaultMemoryManager] 421136793 memory requested, 390287360 free
2025-02-22T03:01:13.354+0500 [DEBUG] [org.gradle.workers.internal.WorkerDaemonExpiration] Will attempt to release 401 of memory
2025-02-22T03:01:13.354+0500 [DEBUG] [org.gradle.process.internal.health.memory.DefaultMemoryManager] 421136793 memory requested, 0 released, 390287360 free
2025-02-22T03:01:18.250+0500 [DEBUG] [org.gradle.process.internal.health.memory.DefaultMemoryManager] 421136793 memory requested, 343183360 free
2025-02-22T03:01:18.250+0500 [DEBUG] [org.gradle.workers.internal.WorkerDaemonExpiration] Will attempt to release 401 of memory
2025-02-22T03:01:18.251+0500 [DEBUG] [org.gradle.process.internal.health.memory.DefaultMemoryManager] 421136793 memory requested, 0 released, 343183360 free
2025-02-22T03:01:19.454+0500 [DEBUG] [org.gradle.cache.internal.DefaultFileLockManager] Waiting to acquire shared lock on daemon addresses registry.
2025-02-22T03:01:19.461+0500 [DEBUG] [org.gradle.cache.internal.DefaultFileLockManager] Lock acquired on daemon addresses registry.
2025-02-22T03:01:19.462+0500 [DEBUG] [org.gradle.cache.internal.DefaultFileLockManager] Releasing lock on daemon addresses registry.
2025-02-22T03:01:19.470+0500 [DEBUG] [org.gradle.cache.internal.DefaultFileLockManager] Waiting to acquire shared lock on daemon addresses registry.
2025-02-22T03:01:19.470+0500 [DEBUG] [org.gradle.cache.internal.DefaultFileLockManager] Lock acquired on daemon addresses registry.
2025-02-22T03:01:19.471+0500 [DEBUG] [org.gradle.cache.internal.DefaultFileLockManager] Releasing lock on daemon addresses registry.
2025-02-22T03:01:19.478+0500 [DEBUG] [org.gradle.cache.internal.DefaultFileLockManager] Waiting to acquire shared lock on daemon addresses registry.
2025-02-22T03:01:19.478+0500 [DEBUG] [org.gradle.cache.internal.DefaultFileLockManager] Lock acquired on daemon addresses registry.
2025-02-22T03:01:19.479+0500 [DEBUG] [org.gradle.cache.internal.DefaultFileLockManager] Releasing lock on daemon addresses registry.
2025-02-22T03:01:22.769+0500 [DEBUG] [org.gradle.internal.remote.internal.inet.TcpIncomingConnector] Accepted connection from /127.0.0.1:54534 to /127.0.0.1:54530.
2025-02-22T03:01:23.191+0500 [DEBUG] [org.gradle.launcher.daemon.server.SynchronizedDispatchConnection] thread 147: received class org.gradle.launcher.daemon.protocol.StopWhenIdle
2025-02-22T03:01:23.216+0500 [DEBUG] [org.gradle.launcher.daemon.server.DefaultDaemonConnection] thread 147: Received non-IO message from client: StopWhenIdle[id=9ca00d9e-3ad8-4186-af52-382be3079e9c]
2025-02-22T03:01:23.243+0500 [INFO] [org.gradle.launcher.daemon.server.DefaultIncomingConnectionHandler] Received command: StopWhenIdle[id=9ca00d9e-3ad8-4186-af52-382be3079e9c].
2025-02-22T03:01:23.243+0500 [DEBUG] [org.gradle.launcher.daemon.server.DefaultIncomingConnectionHandler] Starting executing command: StopWhenIdle[id=9ca00d9e-3ad8-4186-af52-382be3079e9c] with connection: socket connection from /127.0.0.1:54530 to /127.0.0.1:54534.
2025-02-22T03:01:23.246+0500 [DEBUG] [org.gradle.process.internal.health.memory.DefaultMemoryManager] 421136793 memory requested, 323129344 free
2025-02-22T03:01:23.246+0500 [DEBUG] [org.gradle.workers.internal.WorkerDaemonExpiration] Will attempt to release 401 of memory
2025-02-22T03:01:23.247+0500 [DEBUG] [org.gradle.process.internal.health.memory.DefaultMemoryManager] 421136793 memory requested, 0 released, 323129344 free
2025-02-22T03:01:23.386+0500 [DEBUG] [org.gradle.launcher.daemon.server.DaemonRegistryUpdater] Storing daemon stop event: stop command received
2025-02-22T03:01:24.205+0500 [DEBUG] [org.gradle.launcher.daemon.registry.PersistentDaemonRegistry] Storing daemon stop event with timestamp 1740175283388
2025-02-22T03:01:24.238+0500 [DEBUG] [org.gradle.cache.internal.DefaultFileLockManager] Waiting to acquire exclusive lock on daemon addresses registry.
2025-02-22T03:01:24.260+0500 [DEBUG] [org.gradle.cache.internal.DefaultFileLockManager] Lock acquired on daemon addresses registry.
2025-02-22T03:01:24.267+0500 [DEBUG] [org.gradle.cache.internal.DefaultFileLockManager] Releasing lock on daemon addresses registry.
2025-02-22T03:01:24.268+0500 [LIFECYCLE] [org.gradle.launcher.daemon.server.DaemonStateCoordinator] Daemon will be stopped at the end of the build stop command received
2025-02-22T03:01:24.269+0500 [DEBUG] [org.gradle.launcher.daemon.server.DaemonStateCoordinator] Marking daemon stopped due to stop command received. The daemon is running a build: false
2025-02-22T03:01:24.278+0500 [DEBUG] [org.gradle.launcher.daemon.server.DaemonStateCoordinator] daemon has stopped.
2025-02-22T03:01:24.289+0500 [DEBUG] [org.gradle.launcher.daemon.server.Daemon] stop() called on daemon
2025-02-22T03:01:24.289+0500 [INFO] [org.gradle.launcher.daemon.server.Daemon] Stop requested. Daemon is removing its presence from the registry...
2025-02-22T03:01:24.290+0500 [DEBUG] [org.gradle.launcher.daemon.server.SynchronizedDispatchConnection] thread 21: dispatching Success[value=null]
2025-02-22T03:01:24.313+0500 [DEBUG] [org.gradle.launcher.daemon.server.DefaultIncomingConnectionHandler] Finishing executing command: StopWhenIdle[id=9ca00d9e-3ad8-4186-af52-382be3079e9c]
2025-02-22T03:01:24.313+0500 [DEBUG] [org.gradle.launcher.daemon.server.SynchronizedDispatchConnection] thread 147: received class org.gradle.launcher.daemon.protocol.Finished
2025-02-22T03:01:24.314+0500 [DEBUG] [org.gradle.launcher.daemon.server.DefaultDaemonConnection] thread 147: Received non-IO message from client: org.gradle.launcher.daemon.protocol.Finished@24af33df
2025-02-22T03:01:24.314+0500 [DEBUG] [org.gradle.launcher.daemon.server.DefaultIncomingConnectionHandler] Received finished message: org.gradle.launcher.daemon.protocol.Finished@24af33df
2025-02-22T03:01:24.314+0500 [DEBUG] [org.gradle.launcher.daemon.server.SynchronizedDispatchConnection] thread 21: stopping connection
2025-02-22T03:01:24.339+0500 [DEBUG] [org.gradle.internal.remote.internal.inet.SocketConnection] Discarding EOFException: java.io.EOFException
2025-02-22T03:01:24.339+0500 [DEBUG] [org.gradle.launcher.daemon.server.SynchronizedDispatchConnection] thread 147: received null
2025-02-22T03:01:24.340+0500 [DEBUG] [org.gradle.launcher.daemon.server.DefaultDaemonConnection] thread 147: Received end-of-input from client.
2025-02-22T03:01:24.344+0500 [DEBUG] [org.gradle.launcher.daemon.server.SynchronizedDispatchConnection] thread 21: stopping connection
2025-02-22T03:01:24.350+0500 [DEBUG] [org.gradle.launcher.daemon.server.DaemonRegistryUpdater] Removing our presence to clients, eg. removing this address from the registry: [2f1db357-e43a-4281-a129-2ffff1fd866d port:54530, addresses:[localhost/127.0.0.1]]
2025-02-22T03:01:24.354+0500 [DEBUG] [org.gradle.launcher.daemon.registry.PersistentDaemonRegistry] Removing daemon address: [2f1db357-e43a-4281-a129-2ffff1fd866d port:54530, addresses:[localhost/127.0.0.1]]
2025-02-22T03:01:24.372+0500 [DEBUG] [org.gradle.cache.internal.DefaultFileLockManager] Waiting to acquire exclusive lock on daemon addresses registry.
2025-02-22T03:01:24.377+0500 [DEBUG] [org.gradle.cache.internal.DefaultFileLockManager] Lock acquired on daemon addresses registry.
2025-02-22T03:01:24.394+0500 [DEBUG] [org.gradle.cache.internal.DefaultFileLockManager] Releasing lock on daemon addresses registry.
2025-02-22T03:01:24.407+0500 [DEBUG] [org.gradle.launcher.daemon.server.DaemonRegistryUpdater] Address removed from registry.
2025-02-22T03:01:24.650+0500 [DEBUG] [org.gradle.cache.internal.LockOnDemandCrossProcessCacheAccess] Releasing file lock for jars (E:\Mobilka\caches\jars-9)
2025-02-22T03:01:24.651+0500 [DEBUG] [org.gradle.cache.internal.DefaultFileLockManager] Releasing lock on jars (E:\Mobilka\caches\jars-9).
2025-02-22T03:01:24.714+0500 [DEBUG] [org.gradle.cache.internal.DefaultPersistentDirectoryStore] jars (E:\Mobilka\caches\jars-9) has last been fully cleaned up 100 hours ago
2025-02-22T03:01:25.018+0500 [INFO] [org.gradle.cache.internal.AbstractCacheCleanup] jars (E:\Mobilka\caches\jars-9) cleanup deleted 0 files/directories.
2025-02-22T03:01:25.040+0500 [INFO] [org.gradle.cache.internal.LeastRecentlyUsedCacheCleanup] jars (E:\Mobilka\caches\jars-9) removing files not accessed on or after Sat Feb 15 02:59:50 YEKT 2025.
2025-02-22T03:01:27.025+0500 [INFO] [org.gradle.cache.internal.AbstractCacheCleanup] jars (E:\Mobilka\caches\jars-9) cleanup deleted 17 files/directories.
2025-02-22T03:01:27.069+0500 [INFO] [org.gradle.cache.internal.DefaultPersistentDirectoryStore] jars (E:\Mobilka\caches\jars-9) cleaned up in 2.223 secs.
2025-02-22T03:01:27.203+0500 [DEBUG] [org.gradle.cache.internal.LockOnDemandCrossProcessCacheAccess] Releasing file lock for Artifact transforms cache (E:\Mobilka\caches\transforms-3)
2025-02-22T03:01:27.203+0500 [DEBUG] [org.gradle.cache.internal.DefaultFileLockManager] Releasing lock on Artifact transforms cache (E:\Mobilka\caches\transforms-3).
2025-02-22T03:01:27.235+0500 [DEBUG] [org.gradle.cache.internal.DefaultPersistentDirectoryStore] Artifact transforms cache (E:\Mobilka\caches\transforms-3) has last been fully cleaned up 100 hours ago
2025-02-22T03:01:27.235+0500 [INFO] [org.gradle.cache.internal.LeastRecentlyUsedCacheCleanup] Artifact transforms cache (E:\Mobilka\caches\transforms-3) removing files not accessed on or after Sat Feb 15 02:59:50 YEKT 2025.
2025-02-22T03:01:28.247+0500 [DEBUG] [org.gradle.process.internal.health.memory.DefaultMemoryManager] 421136793 memory requested, 321941504 free
2025-02-22T03:01:28.247+0500 [DEBUG] [org.gradle.process.internal.health.memory.DefaultMemoryManager] 421136793 memory requested, 0 released, 321941504 free
2025-02-22T03:01:29.250+0500 [INFO] [org.gradle.cache.internal.AbstractCacheCleanup] Artifact transforms cache (E:\Mobilka\caches\transforms-3) cleanup deleted 26 files/directories.
2025-02-22T03:01:29.257+0500 [INFO] [org.gradle.cache.internal.DefaultPersistentDirectoryStore] Artifact transforms cache (E:\Mobilka\caches\transforms-3) cleaned up in 2.021 secs.
2025-02-22T03:01:29.266+0500 [DEBUG] [org.gradle.cache.internal.LockOnDemandCrossProcessCacheAccess] Releasing file lock for kotlin-dsl (E:\Mobilka\caches\8.2\kotlin-dsl)
2025-02-22T03:01:29.286+0500 [DEBUG] [org.gradle.cache.internal.btree.BTreePersistentIndexedCache] Closing cache executionHistory.bin (E:\Mobilka\caches\8.2\kotlin-dsl\executionHistory.bin)
2025-02-22T03:01:29.302+0500 [DEBUG] [org.gradle.cache.internal.DefaultFileLockManager] Releasing lock on kotlin-dsl (E:\Mobilka\caches\8.2\kotlin-dsl).
2025-02-22T03:01:29.313+0500 [DEBUG] [org.gradle.cache.internal.DefaultPersistentDirectoryStore] kotlin-dsl (E:\Mobilka\caches\8.2\kotlin-dsl) has last been fully cleaned up 100 hours ago
2025-02-22T03:01:29.314+0500 [INFO] [org.gradle.cache.internal.LeastRecentlyUsedCacheCleanup] kotlin-dsl (E:\Mobilka\caches\8.2\kotlin-dsl) removing files not accessed on or after Sat Feb 15 02:59:50 YEKT 2025.
2025-02-22T03:01:29.563+0500 [INFO] [org.gradle.cache.internal.AbstractCacheCleanup] kotlin-dsl (E:\Mobilka\caches\8.2\kotlin-dsl) cleanup deleted 18 files/directories.
2025-02-22T03:01:29.564+0500 [INFO] [org.gradle.cache.internal.DefaultPersistentDirectoryStore] kotlin-dsl (E:\Mobilka\caches\8.2\kotlin-dsl) cleaned up in 0.25 secs.
2025-02-22T03:01:30.139+0500 [DEBUG] [org.gradle.cache.internal.LockOnDemandCrossProcessCacheAccess] Releasing file lock for file content cache (E:\Mobilka\caches\8.2\fileContent)
2025-02-22T03:01:30.144+0500 [DEBUG] [org.gradle.cache.internal.DefaultFileLockManager] Releasing lock on file content cache (E:\Mobilka\caches\8.2\fileContent).
2025-02-22T03:01:30.161+0500 [DEBUG] [org.gradle.internal.watch.vfs.impl.WatchingVirtualFileSystem] Closing VFS, dropping state
2025-02-22T03:01:30.216+0500 [DEBUG] [org.gradle.cache.internal.LockOnDemandCrossProcessCacheAccess] Releasing file lock for Generated Gradle JARs cache (E:\Mobilka\caches\8.2\generated-gradle-jars)
2025-02-22T03:01:30.216+0500 [DEBUG] [org.gradle.cache.internal.DefaultFileLockManager] Releasing lock on Generated Gradle JARs cache (E:\Mobilka\caches\8.2\generated-gradle-jars).
2025-02-22T03:01:30.216+0500 [DEBUG] [org.gradle.internal.watch.registry.impl.DefaultFileWatcherRegistry] Finished listening to file system change events
2025-02-22T03:01:30.225+0500 [DEBUG] [org.gradle.cache.internal.LockOnDemandCrossProcessCacheAccess] Releasing file lock for artifact cache (E:\Mobilka\caches\modules-2)
2025-02-22T03:01:30.225+0500 [DEBUG] [org.gradle.cache.internal.btree.BTreePersistentIndexedCache] Closing cache module-artifact.bin (E:\Mobilka\caches\modules-2\metadata-2.106\module-artifact.bin)
2025-02-22T03:01:30.230+0500 [DEBUG] [org.gradle.cache.internal.btree.BTreePersistentIndexedCache] Closing cache module-metadata.bin (E:\Mobilka\caches\modules-2\metadata-2.106\module-metadata.bin)
2025-02-22T03:01:30.236+0500 [DEBUG] [org.gradle.cache.internal.btree.BTreePersistentIndexedCache] Closing cache module-artifacts.bin (E:\Mobilka\caches\modules-2\metadata-2.106\module-artifacts.bin)
2025-02-22T03:01:30.236+0500 [DEBUG] [org.gradle.cache.internal.DefaultFileLockManager] Releasing lock on artifact cache (E:\Mobilka\caches\modules-2).
2025-02-22T03:01:30.237+0500 [DEBUG] [org.gradle.cache.internal.DefaultPersistentDirectoryStore] artifact cache (E:\Mobilka\caches\modules-2) has last been fully cleaned up 100 hours ago
2025-02-22T03:01:30.238+0500 [INFO] [org.gradle.cache.internal.AbstractCacheCleanup] artifact cache (E:\Mobilka\caches\modules-2) cleanup deleted 0 files/directories.
2025-02-22T03:01:30.260+0500 [INFO] [org.gradle.cache.internal.AbstractCacheCleanup] artifact cache (E:\Mobilka\caches\modules-2) [subdir: E:\Mobilka\caches\modules-2\resources-2.1] cleanup deleted 0 files/directories.
2025-02-22T03:01:30.260+0500 [INFO] [org.gradle.cache.internal.LeastRecentlyUsedCacheCleanup] artifact cache (E:\Mobilka\caches\modules-2) [subdir: E:\Mobilka\caches\modules-2\resources-2.1] removing files not accessed on or after Thu Jan 23 02:59:50 YEKT 2025.
2025-02-22T03:01:30.260+0500 [INFO] [org.gradle.cache.internal.AbstractCacheCleanup] artifact cache (E:\Mobilka\caches\modules-2) [subdir: E:\Mobilka\caches\modules-2\resources-2.1] cleanup deleted 0 files/directories.
2025-02-22T03:01:30.261+0500 [INFO] [org.gradle.cache.internal.AbstractCacheCleanup] artifact cache (E:\Mobilka\caches\modules-2) [subdir: E:\Mobilka\caches\modules-2\files-2.1] cleanup deleted 0 files/directories.
2025-02-22T03:01:30.261+0500 [INFO] [org.gradle.cache.internal.LeastRecentlyUsedCacheCleanup] artifact cache (E:\Mobilka\caches\modules-2) [subdir: E:\Mobilka\caches\modules-2\files-2.1] removing files not accessed on or after Thu Jan 23 02:59:50 YEKT 2025.
2025-02-22T03:01:31.729+0500 [INFO] [org.gradle.cache.internal.AbstractCacheCleanup] artifact cache (E:\Mobilka\caches\modules-2) [subdir: E:\Mobilka\caches\modules-2\files-2.1] cleanup deleted 0 files/directories.
2025-02-22T03:01:31.730+0500 [INFO] [org.gradle.cache.internal.AbstractCacheCleanup] artifact cache (E:\Mobilka\caches\modules-2) [subdir: E:\Mobilka\caches\modules-2\metadata-2.106] cleanup deleted 0 files/directories.
2025-02-22T03:01:31.730+0500 [INFO] [org.gradle.cache.internal.DefaultPersistentDirectoryStore] artifact cache (E:\Mobilka\caches\modules-2) cleaned up in 1.493 secs.
2025-02-22T03:01:31.736+0500 [DEBUG] [org.gradle.cache.internal.LockOnDemandCrossProcessCacheAccess] Releasing file lock for journal cache (E:\Mobilka\caches\journal-1)
2025-02-22T03:01:31.737+0500 [DEBUG] [org.gradle.cache.internal.btree.BTreePersistentIndexedCache] Closing cache file-access.bin (E:\Mobilka\caches\journal-1\file-access.bin)
2025-02-22T03:01:31.749+0500 [DEBUG] [org.gradle.cache.internal.DefaultFileLockManager] Releasing lock on journal cache (E:\Mobilka\caches\journal-1).
2025-02-22T03:01:31.764+0500 [DEBUG] [org.gradle.cache.internal.LockOnDemandCrossProcessCacheAccess] Releasing file lock for file hash cache (E:\Mobilka\caches\8.2\fileHashes)
2025-02-22T03:01:31.782+0500 [DEBUG] [org.gradle.cache.internal.btree.BTreePersistentIndexedCache] Closing cache fileHashes.bin (E:\Mobilka\caches\8.2\fileHashes\fileHashes.bin)
2025-02-22T03:01:31.972+0500 [DEBUG] [org.gradle.cache.internal.btree.BTreePersistentIndexedCache] Closing cache resourceHashesCache.bin (E:\Mobilka\caches\8.2\fileHashes\resourceHashesCache.bin)
2025-02-22T03:01:32.003+0500 [DEBUG] [org.gradle.cache.internal.DefaultFileLockManager] Releasing lock on file hash cache (E:\Mobilka\caches\8.2\fileHashes).
2025-02-22T03:01:32.013+0500 [DEBUG] [org.gradle.cache.internal.LockOnDemandCrossProcessCacheAccess] Releasing file lock for execution history cache (E:\Mobilka\caches\8.2\executionHistory)
2025-02-22T03:01:32.020+0500 [DEBUG] [org.gradle.cache.internal.btree.BTreePersistentIndexedCache] Closing cache executionHistory.bin (E:\Mobilka\caches\8.2\executionHistory\executionHistory.bin)
2025-02-22T03:01:32.072+0500 [DEBUG] [org.gradle.cache.internal.DefaultFileLockManager] Releasing lock on execution history cache (E:\Mobilka\caches\8.2\executionHistory).
2025-02-22T03:01:32.257+0500 [DEBUG] [org.gradle.cache.internal.VersionSpecificCacheCleanupAction] Processed version-specific caches at E:\Mobilka\caches for cleanup in 0.105 secs
2025-02-22T03:01:32.461+0500 [DEBUG] [org.gradle.launcher.daemon.registry.PersistentDaemonRegistry] Removing daemon address: [2f1db357-e43a-4281-a129-2ffff1fd866d port:54530, addresses:[localhost/127.0.0.1]]
2025-02-22T03:01:32.462+0500 [DEBUG] [org.gradle.cache.internal.DefaultFileLockManager] Waiting to acquire exclusive lock on daemon addresses registry.
2025-02-22T03:01:32.463+0500 [DEBUG] [org.gradle.cache.internal.DefaultFileLockManager] Lock acquired on daemon addresses registry.
2025-02-22T03:01:32.464+0500 [DEBUG] [org.gradle.cache.internal.DefaultFileLockManager] Releasing lock on daemon addresses registry.
Daemon vm is shutting down... The daemon has exited normally or was terminated in response to a user interrupt.
